[ +116 ms] executing: uname -m
[  +48 ms] Exit code 0 from: uname -m
[   +1 ms] x86_64
[ +363 ms] Artifact Instance of 'AndroidGenSnapshotArtifacts' is not required, skipping update.
[   +2 ms] Artifact Instance of 'AndroidInternalBuildArtifacts' is not required, skipping update.
[   +5 ms] Artifact Instance of 'IOSEngineArtifacts' is not required, skipping update.
[   +3 ms] Artifact Instance of 'FlutterWebSdk' is not required, skipping update.
[   +1 ms] Artifact Instance of 'LegacyCanvasKitRemover' is not required, skipping update.
[  +26 ms] Artifact Instance of 'WindowsEngineArtifacts' is not required, skipping update.
[   +1 ms] Artifact Instance of 'MacOSEngineArtifacts' is not required, skipping update.
[   +1 ms] Artifact Instance of 'LinuxEngineArtifacts' is not required, skipping update.
[   +1 ms] Artifact Instance of 'LinuxFuchsiaSDKArtifacts' is not required, skipping update.
[   +4 ms] Artifact Instance of 'MacOSFuchsiaSDKArtifacts' is not required, skipping update.
[   +5 ms] Artifact Instance of 'FlutterRunnerSDKArtifacts' is not required, skipping update.
[   +3 ms] Artifact Instance of 'FlutterRunnerDebugSymbols' is not required, skipping update.
[ +543 ms] Artifact Instance of 'MaterialFonts' is not required, skipping update.
[   +4 ms] Artifact Instance of 'GradleWrapper' is not required, skipping update.
[  +23 ms] Artifact Instance of 'AndroidInternalBuildArtifacts' is not required, skipping update.
[   +3 ms] Artifact Instance of 'IOSEngineArtifacts' is not required, skipping update.
[  +18 ms] Artifact Instance of 'FlutterWebSdk' is not required, skipping update.
[   +2 ms] Artifact Instance of 'LegacyCanvasKitRemover' is not required, skipping update.
[   +9 ms] Artifact Instance of 'FlutterSdk' is not required, skipping update.
[        ] Artifact Instance of 'WindowsEngineArtifacts' is not required, skipping update.
[   +8 ms] Artifact Instance of 'MacOSEngineArtifacts' is not required, skipping update.
[  +10 ms] Artifact Instance of 'LinuxEngineArtifacts' is not required, skipping update.
[        ] Artifact Instance of 'LinuxFuchsiaSDKArtifacts' is not required, skipping update.
[        ] Artifact Instance of 'MacOSFuchsiaSDKArtifacts' is not required, skipping update.
[        ] Artifact Instance of 'FlutterRunnerSDKArtifacts' is not required, skipping update.
[   +9 ms] Artifact Instance of 'FlutterRunnerDebugSymbols' is not required, skipping update.
[   +1 ms] Artifact Instance of 'IosUsbArtifacts' is not required, skipping update.
[   +4 ms] Artifact Instance of 'IosUsbArtifacts' is not required, skipping update.
[   +3 ms] Artifact Instance of 'IosUsbArtifacts' is not required, skipping update.
[   +5 ms] Artifact Instance of 'IosUsbArtifacts' is not required, skipping update.
[   +2 ms] Artifact Instance of 'IosUsbArtifacts' is not required, skipping update.
[   +5 ms] Artifact Instance of 'FontSubsetArtifacts' is not required, skipping update.
[   +3 ms] Artifact Instance of 'PubDependencies' is not required, skipping update.
[ +968 ms] Skipping pub get: version match.
[ +202 ms] Found plugin another_telephony at /home/seq_vishnu/.pub-cache/hosted/pub.dev/another_telephony-0.4.1/
[ +405 ms] Found plugin google_sign_in at /home/seq_vishnu/.pub-cache/hosted/pub.dev/google_sign_in-7.1.1/
[  +22 ms] Found plugin google_sign_in_android at /home/seq_vishnu/.pub-cache/hosted/pub.dev/google_sign_in_android-7.0.3/
[  +15 ms] Found plugin google_sign_in_ios at /home/seq_vishnu/.pub-cache/hosted/pub.dev/google_sign_in_ios-6.1.0/
[  +30 ms] Found plugin google_sign_in_web at /home/seq_vishnu/.pub-cache/hosted/pub.dev/google_sign_in_web-1.0.0/
[ +175 ms] Found plugin path_provider at /home/seq_vishnu/.pub-cache/hosted/pub.dev/path_provider-2.1.5/
[  +23 ms] Found plugin path_provider_android at /home/seq_vishnu/.pub-cache/hosted/pub.dev/path_provider_android-2.2.17/
[  +17 ms] Found plugin path_provider_foundation at /home/seq_vishnu/.pub-cache/hosted/pub.dev/path_provider_foundation-2.4.1/
[  +31 ms] Found plugin path_provider_linux at /home/seq_vishnu/.pub-cache/hosted/pub.dev/path_provider_linux-2.2.1/
[  +26 ms] Found plugin path_provider_windows at /home/seq_vishnu/.pub-cache/hosted/pub.dev/path_provider_windows-2.3.0/
[  +17 ms] Found plugin permission_handler at /home/seq_vishnu/.pub-cache/hosted/pub.dev/permission_handler-12.0.1/
[  +12 ms] Found plugin permission_handler_android at /home/seq_vishnu/.pub-cache/hosted/pub.dev/permission_handler_android-13.0.1/
[   +8 ms] Found plugin permission_handler_apple at /home/seq_vishnu/.pub-cache/hosted/pub.dev/permission_handler_apple-9.4.7/
[  +10 ms] Found plugin permission_handler_html at /home/seq_vishnu/.pub-cache/hosted/pub.dev/permission_handler_html-0.1.3+5/
[  +17 ms] Found plugin permission_handler_windows at /home/seq_vishnu/.pub-cache/hosted/pub.dev/permission_handler_windows-0.2.1/
[  +46 ms] Found plugin shared_preferences at /home/seq_vishnu/.pub-cache/hosted/pub.dev/shared_preferences-2.5.3/
[  +24 ms] Found plugin shared_preferences_android at /home/seq_vishnu/.pub-cache/hosted/pub.dev/shared_preferences_android-2.4.11/
[  +10 ms] Found plugin shared_preferences_foundation at /home/seq_vishnu/.pub-cache/hosted/pub.dev/shared_preferences_foundation-2.5.4/
[  +15 ms] Found plugin shared_preferences_linux at /home/seq_vishnu/.pub-cache/hosted/pub.dev/shared_preferences_linux-2.4.1/
[  +26 ms] Found plugin shared_preferences_web at /home/seq_vishnu/.pub-cache/hosted/pub.dev/shared_preferences_web-2.4.3/
[  +21 ms] Found plugin shared_preferences_windows at /home/seq_vishnu/.pub-cache/hosted/pub.dev/shared_preferences_windows-2.4.1/
[  +24 ms] Found plugin sqflite at /home/seq_vishnu/.pub-cache/hosted/pub.dev/sqflite-2.4.1/
[   +9 ms] Found plugin sqflite_android at /home/seq_vishnu/.pub-cache/hosted/pub.dev/sqflite_android-2.4.0/
[  +18 ms] Found plugin sqflite_darwin at /home/seq_vishnu/.pub-cache/hosted/pub.dev/sqflite_darwin-2.4.1+1/
[ +261 ms] Found plugin another_telephony at /home/seq_vishnu/.pub-cache/hosted/pub.dev/another_telephony-0.4.1/
[ +139 ms] Found plugin google_sign_in at /home/seq_vishnu/.pub-cache/hosted/pub.dev/google_sign_in-7.1.1/
[   +7 ms] Found plugin google_sign_in_android at /home/seq_vishnu/.pub-cache/hosted/pub.dev/google_sign_in_android-7.0.3/
[  +14 ms] Found plugin google_sign_in_ios at /home/seq_vishnu/.pub-cache/hosted/pub.dev/google_sign_in_ios-6.1.0/
[  +17 ms] Found plugin google_sign_in_web at /home/seq_vishnu/.pub-cache/hosted/pub.dev/google_sign_in_web-1.0.0/
[  +82 ms] Found plugin path_provider at /home/seq_vishnu/.pub-cache/hosted/pub.dev/path_provider-2.1.5/
[   +5 ms] Found plugin path_provider_android at /home/seq_vishnu/.pub-cache/hosted/pub.dev/path_provider_android-2.2.17/
[   +6 ms] Found plugin path_provider_foundation at /home/seq_vishnu/.pub-cache/hosted/pub.dev/path_provider_foundation-2.4.1/
[   +9 ms] Found plugin path_provider_linux at /home/seq_vishnu/.pub-cache/hosted/pub.dev/path_provider_linux-2.2.1/
[  +17 ms] Found plugin path_provider_windows at /home/seq_vishnu/.pub-cache/hosted/pub.dev/path_provider_windows-2.3.0/
[  +10 ms] Found plugin permission_handler at /home/seq_vishnu/.pub-cache/hosted/pub.dev/permission_handler-12.0.1/
[  +12 ms] Found plugin permission_handler_android at /home/seq_vishnu/.pub-cache/hosted/pub.dev/permission_handler_android-13.0.1/
[   +9 ms] Found plugin permission_handler_apple at /home/seq_vishnu/.pub-cache/hosted/pub.dev/permission_handler_apple-9.4.7/
[  +14 ms] Found plugin permission_handler_html at /home/seq_vishnu/.pub-cache/hosted/pub.dev/permission_handler_html-0.1.3+5/
[   +8 ms] Found plugin permission_handler_windows at /home/seq_vishnu/.pub-cache/hosted/pub.dev/permission_handler_windows-0.2.1/
[  +22 ms] Found plugin shared_preferences at /home/seq_vishnu/.pub-cache/hosted/pub.dev/shared_preferences-2.5.3/
[   +5 ms] Found plugin shared_preferences_android at /home/seq_vishnu/.pub-cache/hosted/pub.dev/shared_preferences_android-2.4.11/
[   +7 ms] Found plugin shared_preferences_foundation at /home/seq_vishnu/.pub-cache/hosted/pub.dev/shared_preferences_foundation-2.5.4/
[   +5 ms] Found plugin shared_preferences_linux at /home/seq_vishnu/.pub-cache/hosted/pub.dev/shared_preferences_linux-2.4.1/
[   +9 ms] Found plugin shared_preferences_web at /home/seq_vishnu/.pub-cache/hosted/pub.dev/shared_preferences_web-2.4.3/
[   +5 ms] Found plugin shared_preferences_windows at /home/seq_vishnu/.pub-cache/hosted/pub.dev/shared_preferences_windows-2.4.1/
[  +13 ms] Found plugin sqflite at /home/seq_vishnu/.pub-cache/hosted/pub.dev/sqflite-2.4.1/
[  +12 ms] Found plugin sqflite_android at /home/seq_vishnu/.pub-cache/hosted/pub.dev/sqflite_android-2.4.0/
[  +24 ms] Found plugin sqflite_darwin at /home/seq_vishnu/.pub-cache/hosted/pub.dev/sqflite_darwin-2.4.1+1/
[ +262 ms] Found plugin another_telephony at /home/seq_vishnu/.pub-cache/hosted/pub.dev/another_telephony-0.4.1/
[  +88 ms] Found plugin google_sign_in at /home/seq_vishnu/.pub-cache/hosted/pub.dev/google_sign_in-7.1.1/
[   +6 ms] Found plugin google_sign_in_android at /home/seq_vishnu/.pub-cache/hosted/pub.dev/google_sign_in_android-7.0.3/
[   +5 ms] Found plugin google_sign_in_ios at /home/seq_vishnu/.pub-cache/hosted/pub.dev/google_sign_in_ios-6.1.0/
[   +9 ms] Found plugin google_sign_in_web at /home/seq_vishnu/.pub-cache/hosted/pub.dev/google_sign_in_web-1.0.0/
[  +88 ms] Found plugin path_provider at /home/seq_vishnu/.pub-cache/hosted/pub.dev/path_provider-2.1.5/
[   +5 ms] Found plugin path_provider_android at /home/seq_vishnu/.pub-cache/hosted/pub.dev/path_provider_android-2.2.17/
[   +5 ms] Found plugin path_provider_foundation at /home/seq_vishnu/.pub-cache/hosted/pub.dev/path_provider_foundation-2.4.1/
[   +7 ms] Found plugin path_provider_linux at /home/seq_vishnu/.pub-cache/hosted/pub.dev/path_provider_linux-2.2.1/
[  +10 ms] Found plugin path_provider_windows at /home/seq_vishnu/.pub-cache/hosted/pub.dev/path_provider_windows-2.3.0/
[   +5 ms] Found plugin permission_handler at /home/seq_vishnu/.pub-cache/hosted/pub.dev/permission_handler-12.0.1/
[   +6 ms] Found plugin permission_handler_android at /home/seq_vishnu/.pub-cache/hosted/pub.dev/permission_handler_android-13.0.1/
[   +5 ms] Found plugin permission_handler_apple at /home/seq_vishnu/.pub-cache/hosted/pub.dev/permission_handler_apple-9.4.7/
[   +4 ms] Found plugin permission_handler_html at /home/seq_vishnu/.pub-cache/hosted/pub.dev/permission_handler_html-0.1.3+5/
[   +8 ms] Found plugin permission_handler_windows at /home/seq_vishnu/.pub-cache/hosted/pub.dev/permission_handler_windows-0.2.1/
[  +28 ms] Found plugin shared_preferences at /home/seq_vishnu/.pub-cache/hosted/pub.dev/shared_preferences-2.5.3/
[  +15 ms] Found plugin shared_preferences_android at /home/seq_vishnu/.pub-cache/hosted/pub.dev/shared_preferences_android-2.4.11/
[   +6 ms] Found plugin shared_preferences_foundation at /home/seq_vishnu/.pub-cache/hosted/pub.dev/shared_preferences_foundation-2.5.4/
[   +7 ms] Found plugin shared_preferences_linux at /home/seq_vishnu/.pub-cache/hosted/pub.dev/shared_preferences_linux-2.4.1/
[  +10 ms] Found plugin shared_preferences_web at /home/seq_vishnu/.pub-cache/hosted/pub.dev/shared_preferences_web-2.4.3/
[   +5 ms] Found plugin shared_preferences_windows at /home/seq_vishnu/.pub-cache/hosted/pub.dev/shared_preferences_windows-2.4.1/
[  +13 ms] Found plugin sqflite at /home/seq_vishnu/.pub-cache/hosted/pub.dev/sqflite-2.4.1/
[   +8 ms] Found plugin sqflite_android at /home/seq_vishnu/.pub-cache/hosted/pub.dev/sqflite_android-2.4.0/
[  +15 ms] Found plugin sqflite_darwin at /home/seq_vishnu/.pub-cache/hosted/pub.dev/sqflite_darwin-2.4.1+1/
[ +101 ms] Generating /home/seq_vishnu/WORK/RnD/expenze/mobile/android/app/src/main/java/io/flutter/plugins/GeneratedPluginRegistrant.java
[ +578 ms] Support for Android x86 targets will be removed in the next stable release after 3.27. See https://github.com/flutter/flutter/issues/157543 for details.
[  +26 ms] Android Studio version could not be detected, skipping Gradle-Java version compatibility check.
[  +12 ms] CMake project not found, skipping support Android 15 16k page size migration.
[  +39 ms] Using gradle from /home/seq_vishnu/WORK/RnD/expenze/mobile/android/gradlew.
[  +21 ms] Running Gradle task 'assembleDebug'...
[  +23 ms] executing: [/home/seq_vishnu/WORK/RnD/expenze/mobile/android/] /home/seq_vishnu/WORK/RnD/expenze/mobile/android/gradlew --full-stacktrace --info -Pverbose=true -Ptarget-platform=android-arm,android-arm64,android-x86,android-x64 -Ptarget=lib/main.dart -Pbase-application-name=android.app.Application -Pdart-obfuscation=false -Ptrack-widget-creation=true -Ptree-shake-icons=false assembleDebug
[+1800 ms] Initialized native services in: /home/seq_vishnu/.gradle/native
[   +1 ms] Initialized jansi services in: /home/seq_vishnu/.gradle/native
[ +313 ms] Received JVM installation metadata from '/usr/lib/jvm/java-21-openjdk-amd64': {JAVA_HOME=/usr/lib/jvm/java-21-openjdk-amd64, JAVA_VERSION=21.0.10, JAVA_VENDOR=Ubuntu, RUNTIME_NAME=OpenJDK Runtime Environment, RUNTIME_VERSION=21.0.10+7-Ubuntu-124.04, VM_NAME=OpenJDK 64-Bit Server VM, VM_VERSION=21.0.10+7-Ubuntu-124.04, VM_VENDOR=Ubuntu, OS_ARCH=amd64}
[ +510 ms] Found daemon DaemonInfo{pid=271686, address=[2bad74d4-582e-4bd9-a47e-c5eae677b654 port:44709, addresses:[/127.0.0.1]], state=Idle, lastBusy=1770980704422, context=DefaultDaemonContext[uid=82f6aded-c83b-4bbb-8034-79f26043e077,javaHome=/usr/lib/jvm/java-21-openjdk-amd64,daemonRegistryDir=/home/seq_vishnu/.gradle/daemon,pid=271686,idleTimeout=10800000,priority=NORMAL,applyInstrumentationAgent=true,daemonOpts=-XX:MaxMetaspaceSize=2G,-XX:+HeapDumpOnOutOfMemoryError,--add-opens=java.base/java.util=ALL-UNNAMED,--add-opens=java.base/java.lang=ALL-UNNAMED,--add-opens=java.base/java.lang.invoke=ALL-UNNAMED,--add-opens=java.prefs/java.util.prefs=ALL-UNNAMED,--add-opens=java.base/java.nio.charset=ALL-UNNAMED,--add-opens=java.base/java.net=ALL-UNNAMED,--add-opens=java.base/java.util.concurrent.atomic=ALL-UNNAMED,-Xmx4G,-Dfile.encoding=utf8,-Duser.country=US,-Duser.language=en,-Duser.variant]} however its context does not match the desired criteria.
[   +3 ms] At least one daemon option is different.
[  +13 ms] Wanted: DefaultDaemonContext[uid=null,javaHome=/usr/lib/jvm/java-21-openjdk-amd64,daemonRegistryDir=/home/seq_vishnu/.gradle/daemon,pid=275675,idleTimeout=null,priority=NORMAL,applyInstrumentationAgent=true,daemonOpts=-XX:MaxMetaspaceSize=2G,-XX:+HeapDumpOnOutOfMemoryError,--add-opens=java.base/java.util=ALL-UNNAMED,--add-opens=java.base/java.lang=ALL-UNNAMED,--add-opens=java.base/java.lang.invoke=ALL-UNNAMED,--add-opens=java.prefs/java.util.prefs=ALL-UNNAMED,--add-opens=java.base/java.nio.charset=ALL-UNNAMED,--add-opens=java.base/java.net=ALL-UNNAMED,--add-opens=java.base/java.util.concurrent.atomic=ALL-UNNAMED,-Xmx4G,-Dfile.encoding=UTF-8,-Duser.country=US,-Duser.language=en,-Duser.variant]
[   +9 ms] Actual: DefaultDaemonContext[uid=82f6aded-c83b-4bbb-8034-79f26043e077,javaHome=/usr/lib/jvm/java-21-openjdk-amd64,daemonRegistryDir=/home/seq_vishnu/.gradle/daemon,pid=271686,idleTimeout=10800000,priority=NORMAL,applyInstrumentationAgent=true,daemonOpts=-XX:MaxMetaspaceSize=2G,-XX:+HeapDumpOnOutOfMemoryError,--add-opens=java.base/java.util=ALL-UNNAMED,--add-opens=java.base/java.lang=ALL-UNNAMED,--add-opens=java.base/java.lang.invoke=ALL-UNNAMED,--add-opens=java.prefs/java.util.prefs=ALL-UNNAMED,--add-opens=java.base/java.nio.charset=ALL-UNNAMED,--add-opens=java.base/java.net=ALL-UNNAMED,--add-opens=java.base/java.util.concurrent.atomic=ALL-UNNAMED,-Xmx4G,-Dfile.encoding=utf8,-Duser.country=US,-Duser.language=en,-Duser.variant]
[   +7 ms]   Looking for a different daemon...
[ +253 ms] Removing 0 daemon stop events from registry
[ +205 ms] Previous Daemon (245305) stopped at Fri Feb 13 16:07:15 IST 2026 other compatible daemons were started and after being idle for 1 minutes and not recently used
[   +4 ms] Previous Daemon (261797) stopped at Fri Feb 13 16:17:15 IST 2026 other compatible daemons were started and after being idle for 0 minutes and not recently used
[        ] Previous Daemon (245666) stopped at Fri Feb 13 16:21:51 IST 2026 other compatible daemons were started and after being idle for 0 minutes and not recently used
[   +6 ms] Previous Daemon (255206) stopped at Fri Feb 13 16:21:51 IST 2026 other compatible daemons were started and after being idle for 4 minutes and not recently used
[        ] Previous Daemon (262665) stopped at Fri Feb 13 16:24:03 IST 2026 other compatible daemons were started and after being idle for 2 minutes and not recently used
[        ] Previous Daemon (263812) stopped at Fri Feb 13 16:24:05 IST 2026 other compatible daemons were started and after being idle for 0 minutes and not recently used
[   +6 ms] Previous Daemon (265106) stopped at Fri Feb 13 16:27:01 IST 2026 other compatible daemons were started and after being idle for 2 minutes and not recently used
[   +4 ms] Previous Daemon (268140) stopped at Fri Feb 13 16:27:05 IST 2026 other compatible daemons were started and after being idle for 0 minutes and not recently used
[        ] Previous Daemon (266920) stopped at Fri Feb 13 16:28:28 IST 2026 other compatible daemons were started and after being idle for 1 minutes and not recently used
[   +9 ms] Previous Daemon (269423) stopped at Fri Feb 13 16:34:26 IST 2026 other compatible daemons were started and after being idle for 3 minutes and not recently used
[   +7 ms] Previous Daemon (273040) stopped at Fri Feb 13 16:35:13 IST 2026 other compatible daemons were started and after being idle for 0 minutes and not recently used
[        ] Starting a Gradle Daemon, 2 busy and 1 incompatible and 11 stopped Daemons could not be reused, use --status for details
[ +361 ms] Starting process 'Gradle build daemon'. Working directory: /home/seq_vishnu/.gradle/daemon/8.4 Command: /usr/lib/jvm/java-21-openjdk-amd64/bin/java -XX:MaxMetaspaceSize=2G -XX:+HeapDumpOnOutOfMemoryError --add-opens=java.base/java.util=ALL-UNNAMED --add-opens=java.base/java.lang=ALL-UNNAMED --add-opens=java.base/java.lang.invoke=ALL-UNNAMED --add-opens=java.prefs/java.util.prefs=ALL-UNNAMED --add-opens=java.base/java.nio.charset=ALL-UNNAMED --add-opens=java.base/java.net=ALL-UNNAMED --add-opens=java.base/java.util.concurrent.atomic=ALL-UNNAMED -Xmx4G -Dfile.encoding=UTF-8 -Duser.country=US -Duser.language=en -Duser.variant -cp /home/seq_vishnu/.gradle/wrapper/dists/gradle-8.4-all/56r6xik2f6skrm47et0ibifug/gradle-8.4/lib/gradle-launcher-8.4.jar -javaagent:/home/seq_vishnu/.gradle/wrapper/dists/gradle-8.4-all/56r6xik2f6skrm47et0ibifug/gradle-8.4/lib/agents/gradle-instrumentation-agent-8.4.jar org.gradle.launcher.daemon.bootstrap.GradleDaemon 8.4
[  +90 ms] Successfully started process 'Gradle build daemon'
[+4998 ms] An attempt to start the daemon took 5.19 secs.
[ +200 ms] The client will now receive all logging from the daemon (pid: 275810). The daemon log file: /home/seq_vishnu/.gradle/daemon/8.4/daemon-275810.out.log
[        ] Starting build in new daemon [memory: 4 GiB]
[ +699 ms] Using 8 worker leases.
[ +700 ms] Received JVM installation metadata from '/usr/lib/jvm/java-21-openjdk-amd64': {JAVA_HOME=/usr/lib/jvm/java-21-openjdk-amd64, JAVA_VERSION=21.0.10, JAVA_VENDOR=Ubuntu, RUNTIME_NAME=OpenJDK Runtime Environment, RUNTIME_VERSION=21.0.10+7-Ubuntu-124.04, VM_NAME=OpenJDK 64-Bit Server VM, VM_VERSION=21.0.10+7-Ubuntu-124.04, VM_VENDOR=Ubuntu, OS_ARCH=amd64}
[ +698 ms] Watching the file system is configured to be enabled if available
[ +201 ms] Now considering [/home/seq_vishnu/WORK/RnD/expenze/mobile/android] as hierarchies to watch
[   +1 ms] File system watching is active
[+3500 ms] Starting Build
[+1597 ms] Now considering [/home/seq_vishnu/flutter/packages/flutter_tools/gradle, /home/seq_vishnu/WORK/RnD/expenze/mobile/android] as hierarchies to watch
[ +500 ms] Skipping Kotlin DSL script compilation (Settings/TopLevel/stage1) as it is up-to-date.
[+2401 ms] > Configure project :gradle
[        ] Evaluating project ':gradle' using build file '/home/seq_vishnu/flutter/packages/flutter_tools/gradle/build.gradle.kts'.
[        ] Caching disabled for Kotlin DSL plugin specs accessors for classpath 'b9688cd06edd31b5bac45f0f5c2423b0' because:
[        ]   Build cache is disabled
[        ] Skipping Kotlin DSL plugin specs accessors for classpath 'b9688cd06edd31b5bac45f0f5c2423b0' as it is up-to-date.
[        ] Caching disabled for Kotlin DSL script compilation (Project/TopLevel/stage1) because:
[        ]   Build cache is disabled
[        ] Skipping Kotlin DSL script compilation (Project/TopLevel/stage1) as it is up-to-date.
[ +793 ms] Caching disabled for Kotlin DSL accessors for project ':gradle' because:
[        ]   Build cache is disabled
[        ] Skipping Kotlin DSL accessors for project ':gradle' as it is up-to-date.
[        ] Caching disabled for Kotlin DSL script compilation (Project/TopLevel/stage2) because:
[        ]   Build cache is disabled
[        ] Skipping Kotlin DSL script compilation (Project/TopLevel/stage2) as it is up-to-date.
[ +997 ms] Resolve mutations for :gradle:compileJava (Thread[#64,Execution worker,5,main]) started.
[        ] :gradle:compileJava (Thread[#64,Execution worker,5,main]) started.
[ +101 ms] > Task :gradle:compileJava NO-SOURCE
[        ] Watching 1 directories to track changes
[        ] Skipping task ':gradle:compileJava' as it has no source files and no previous output files.
[        ] Resolve mutations for :gradle:compileGroovy (Thread[#64,Execution worker,5,main]) started.
[        ] :gradle:compileGroovy (Thread[#64,Execution worker,5,main]) started.
[ +196 ms] > Task :gradle:compileGroovy UP-TO-DATE
[        ] Watching 2 directories to track changes
[        ] Watching 3 directories to track changes
[        ] Watching 4 directories to track changes
[        ] Watching 5 directories to track changes
[        ] Watching 6 directories to track changes
[   +1 ms] Watching 7 directories to track changes
[        ] Watching 8 directories to track changes
[        ] Caching disabled for task ':gradle:compileGroovy' because:
[        ]   Build cache is disabled
[        ] Skipping task ':gradle:compileGroovy' as it is up-to-date.
[        ] Resolve mutations for :gradle:pluginDescriptors (Thread[#64,Execution worker,5,main]) started.
[        ] :gradle:pluginDescriptors (Thread[#64,Execution worker,5,main]) started.
[  +93 ms] > Task :gradle:pluginDescriptors UP-TO-DATE
[        ] Watching 9 directories to track changes
[        ] Caching disabled for task ':gradle:pluginDescriptors' because:
[        ]   Build cache is disabled
[        ] Skipping task ':gradle:pluginDescriptors' as it is up-to-date.
[        ] Resolve mutations for :gradle:processResources (Thread[#64,Execution worker,5,main]) started.
[        ] :gradle:processResources (Thread[#64,Execution worker,5,main]) started.
[        ] > Task :gradle:processResources UP-TO-DATE
[        ] Watching 9 directories to track changes
[        ] Watching 12 directories to track changes
[        ] Caching disabled for task ':gradle:processResources' because:
[        ]   Build cache is disabled
[        ] Skipping task ':gradle:processResources' as it is up-to-date.
[        ] Resolve mutations for :gradle:classes (Thread[#64,Execution worker,5,main]) started.
[        ] :gradle:classes (Thread[#64,Execution worker,5,main]) started.
[        ] > Task :gradle:classes UP-TO-DATE
[        ] Skipping task ':gradle:classes' as it has no actions.
[        ] Resolve mutations for :gradle:jar (Thread[#64,Execution worker,5,main]) started.
[        ] :gradle:jar (Thread[#64,Execution worker,5,main]) started.
[        ] > Task :gradle:jar UP-TO-DATE
[        ] Watching 13 directories to track changes
[        ] Watching 14 directories to track changes
[        ] Caching disabled for task ':gradle:jar' because:
[        ]   Build cache is disabled
[        ] Skipping task ':gradle:jar' as it is up-to-date.
[ +487 ms] Settings evaluated using settings file '/home/seq_vishnu/WORK/RnD/expenze/mobile/android/settings.gradle'.
[   +1 ms] Projects loaded. Root project using build file '/home/seq_vishnu/WORK/RnD/expenze/mobile/android/build.gradle'.
[        ] Included projects: [root project 'android', project ':app']
[ +498 ms] > Configure project :
[        ] Evaluating root project 'android' using build file '/home/seq_vishnu/WORK/RnD/expenze/mobile/android/build.gradle'.
[+1900 ms] > Configure project :app
[        ] Evaluating project ':app' using build file '/home/seq_vishnu/WORK/RnD/expenze/mobile/android/app/build.gradle'.
[        ] WARNING: The option setting 'android.defaults.buildfeatures.buildconfig=true' is deprecated.
[        ] The current default is 'false'.
[        ] It will be removed in version 9.0 of the Android Gradle plugin.
[   +5 ms] You can resolve this warning in Android Studio via `Refactor` > `Migrate BuildConfig to Gradle Build Files`
[ +994 ms] Using default execution profile
[+3799 ms] Using Kotlin Gradle Plugin gradle81 variant
[+3814 ms] Invalidating in-memory cache of /home/seq_vishnu/.gradle/caches/journal-1/file-access.bin
[   +4 ms] > Configure project :app
[  +10 ms] Invalidating in-memory cache of /home/seq_vishnu/.gradle/caches/8.4/fileHashes/fileHashes.bin
[   +8 ms] Invalidating in-memory cache of /home/seq_vishnu/.gradle/caches/8.4/fileHashes/resourceHashesCache.bin
[+1061 ms] Invalidating in-memory cache of /home/seq_vishnu/.gradle/caches/8.4/kotlin-dsl/executionHistory.bin
[ +107 ms] Caching disabled for Kotlin DSL plugin specs accessors for classpath '5233c0ddf07ae1f0b904c68347b159cf' because:
[        ]   Build cache is disabled
[        ] Skipping Kotlin DSL plugin specs accessors for classpath '5233c0ddf07ae1f0b904c68347b159cf' as it is up-to-date.
[ +201 ms] Caching disabled for Kotlin DSL script compilation (Project/ScriptPlugin/stage1) because:
[   +2 ms]   Build cache is disabled
[   +6 ms] Skipping Kotlin DSL script compilation (Project/ScriptPlugin/stage1) as it is up-to-date.
[+1281 ms] Caching disabled for Kotlin DSL script compilation (Project/ScriptPlugin/stage2) because:
[   +2 ms]   Build cache is disabled
[   +2 ms] Skipping Kotlin DSL script compilation (Project/ScriptPlugin/stage2) as it is up-to-date.
[ +590 ms] Caching disabled for Kotlin DSL script compilation (Project/ScriptPlugin/stage1) because:
[   +1 ms]   Build cache is disabled
[   +1 ms] Skipping Kotlin DSL script compilation (Project/ScriptPlugin/stage1) as it is up-to-date.
[+7098 ms] Parsed shrinker version: 8.3.36
[+3000 ms] All projects evaluated.
[ +199 ms] Task name matched 'assembleDebug'
[   +5 ms] Selected primary task 'assembleDebug' from project :
[+3894 ms] WARNING: We recommend using a newer Android Gradle plugin to use compileSdk = 35
[   +4 ms] This Android Gradle plugin (8.3.0) was tested up to compileSdk = 34.
[   +3 ms] You are strongly encouraged to update your project to use a newer
[   +3 ms] Android Gradle plugin that has been tested with compileSdk = 35.
[   +4 ms] If you are already using the latest version of the Android Gradle plugin,
[        ] you may need to wait until a newer version with support for compileSdk = 35 is available.
[   +5 ms] To suppress this warning, add/update
[   +3 ms]     android.suppressUnsupportedCompileSdk=35
[   +2 ms] to this project's gradle.properties.
[+3276 ms] Tasks to be executed: [task ':app:preBuild', task ':app:preDebugBuild', task ':app:mergeDebugNativeDebugMetadata', task ':app:generateDebugBuildConfig', task ':app:compileFlutterBuildDebug', task ':app:packJniLibsflutterBuildDebug', task ':app:checkDebugAarMetadata', task ':app:cleanMergeDebugAssets', task ':app:mergeDebugShaders', task ':app:compileDebugShaders', task ':app:generateDebugAssets', task ':app:mergeDebugAssets', task ':app:copyFlutterAssetsDebug', task ':app:generateDebugResValues', task ':app:mapDebugSourceSetPaths', task ':app:generateDebugResources', task ':app:mergeDebugResources', task ':app:createDebugCompatibleScreenManifests', task ':app:extractDeepLinksDebug', task ':app:processDebugMainManifest', task ':app:processDebugManifest', task ':app:processDebugManifestForPackage', task ':app:processDebugResources', task ':app:compileDebugKotlin', task ':app:javaPreCompileDebug', task ':app:compileDebugJavaWithJavac', task ':app:compressDebugAssets', task ':app:desugarDebugFileDependencies', task ':app:dexBuilderDebug', task ':app:mergeDebugGlobalSynthetics', task ':app:processDebugJavaRes', task ':app:mergeDebugJavaResource', task ':app:checkDebugDuplicateClasses', task ':app:mergeExtDexDebug', task ':app:mergeLibDexDebug', task ':app:mergeProjectDexDebug', task ':app:mergeDebugJniLibFolders', task ':app:mergeDebugNativeLibs', task ':app:stripDebugDebugSymbols', task ':app:validateSigningDebug', task ':app:writeDebugAppMetadata', task ':app:writeDebugSigningConfigVersions', task ':app:packageDebug', task ':app:createDebugApkListingFileRedirect', task ':app:assembleDebug']
[   +5 ms] Tasks that were excluded: []
[   +4 ms] Resolve mutations for :app:preBuild (Thread[#63,included builds,5,main]) started.
[   +6 ms] :app:preBuild (Thread[#63,included builds,5,main]) started.
[  +90 ms] > Task :app:preBuild UP-TO-DATE
[   +8 ms] Skipping task ':app:preBuild' as it has no actions.
[   +7 ms] Resolve mutations for :app:preDebugBuild (Thread[#65,Execution worker Thread 2,5,main]) started.
[   +9 ms] :app:preDebugBuild (Thread[#65,Execution worker Thread 2,5,main]) started.
[   +1 ms] > Task :app:preDebugBuild UP-TO-DATE
[   +1 ms] Skipping task ':app:preDebugBuild' as it has no actions.
[   +1 ms] Resolve mutations for :app:mergeDebugNativeDebugMetadata (Thread[#65,Execution worker Thread 2,5,main]) started.
[   +2 ms] :app:mergeDebugNativeDebugMetadata (Thread[#65,Execution worker Thread 2,5,main]) started.
[  +58 ms] > Task :app:mergeDebugNativeDebugMetadata NO-SOURCE
[   +9 ms] Skipping task ':app:mergeDebugNativeDebugMetadata' as it has no source files and no previous output files.
[   +7 ms] Resolve mutations for :app:generateDebugBuildConfig (Thread[#65,Execution worker Thread 2,5,main]) started.
[   +5 ms] :app:generateDebugBuildConfig (Thread[#65,Execution worker Thread 2,5,main]) started.
[  +87 ms] > Task :app:generateDebugBuildConfig UP-TO-DATE
[   +8 ms] Caching disabled for task ':app:generateDebugBuildConfig' because:
[   +9 ms]   Build cache is disabled
[  +16 ms] Skipping task ':app:generateDebugBuildConfig' as it is up-to-date.
[   +1 ms] Resolve mutations for :app:compileFlutterBuildDebug (Thread[#65,Execution worker Thread 2,5,main]) started.
[ +155 ms] :app:compileFlutterBuildDebug (Thread[#65,Execution worker Thread 2,5,main]) started.
[+3400 ms] > Task :app:compileFlutterBuildDebug
[   +4 ms] Watching 15 directories to track changes
[ +191 ms] Caching disabled for task ':app:compileFlutterBuildDebug' because:
[   +6 ms]   Build cache is disabled
[ +198 ms] Task ':app:compileFlutterBuildDebug' is not up-to-date because:
[   +5 ms]   Value of input property 'verbose' has changed for task ':app:compileFlutterBuildDebug'
[ +392 ms] Starting process 'command '/home/seq_vishnu/flutter/bin/flutter''. Working directory: /home/seq_vishnu/WORK/RnD/expenze/mobile Command: /home/seq_vishnu/flutter/bin/flutter --verbose assemble --no-version-check --depfile /home/seq_vishnu/WORK/RnD/expenze/mobile/build/app/intermediates/flutter/debug/flutter_build.d --output /home/seq_vishnu/WORK/RnD/expenze/mobile/build/app/intermediates/flutter/debug -dTargetFile=lib/main.dart -dTargetPlatform=android -dBuildMode=debug -dTrackWidgetCreation=true -dFlavor= -dAndroidArchs=android-arm android-arm64 android-x86 android-x64 -dMinSdkVersion=21 debug_android_application
[  +99 ms] Successfully started process 'command '/home/seq_vishnu/flutter/bin/flutter''
[ +599 ms] [ +188 ms] executing: uname -m
[   +5 ms] [  +65 ms] Exit code 0 from: uname -m
[   +5 ms] [   +1 ms] x86_64
[ +388 ms] [ +367 ms] Artifact Instance of 'AndroidGenSnapshotArtifacts' is not required, skipping update.
[  +17 ms] [   +1 ms] Artifact Instance of 'AndroidInternalBuildArtifacts' is not required, skipping update.
[        ] [        ] Artifact Instance of 'IOSEngineArtifacts' is not required, skipping update.
[        ] [   +7 ms] Artifact Instance of 'FlutterWebSdk' is not required, skipping update.
[   +1 ms] [   +1 ms] Artifact Instance of 'LegacyCanvasKitRemover' is not required, skipping update.
[   +3 ms] [  +35 ms] Artifact Instance of 'WindowsEngineArtifacts' is not required, skipping update.
[        ] [   +1 ms] Artifact Instance of 'MacOSEngineArtifacts' is not required, skipping update.
[        ] [   +1 ms] Artifact Instance of 'LinuxEngineArtifacts' is not required, skipping update.
[        ] [   +4 ms] Artifact Instance of 'LinuxFuchsiaSDKArtifacts' is not required, skipping update.
[  +11 ms] [   +5 ms] Artifact Instance of 'MacOSFuchsiaSDKArtifacts' is not required, skipping update.
[   +1 ms] [        ] Artifact Instance of 'FlutterRunnerSDKArtifacts' is not required, skipping update.
[        ] [   +3 ms] Artifact Instance of 'FlutterRunnerDebugSymbols' is not required, skipping update.
[ +961 ms] [ +984 ms] Artifact Instance of 'MaterialFonts' is not required, skipping update.
[   +2 ms] [        ] Artifact Instance of 'GradleWrapper' is not required, skipping update.
[  +99 ms] [  +34 ms] Artifact Instance of 'AndroidInternalBuildArtifacts' is not required, skipping update.
[   +9 ms] [   +2 ms] Artifact Instance of 'IOSEngineArtifacts' is not required, skipping update.
[   +2 ms] [   +1 ms] Artifact Instance of 'FlutterWebSdk' is not required, skipping update.
[   +9 ms] [   +1 ms] Artifact Instance of 'LegacyCanvasKitRemover' is not required, skipping update.
[   +4 ms] [        ] Artifact Instance of 'FlutterSdk' is not required, skipping update.
[   +2 ms] [        ] Artifact Instance of 'WindowsEngineArtifacts' is not required, skipping update.
[   +5 ms] [   +4 ms] Artifact Instance of 'MacOSEngineArtifacts' is not required, skipping update.
[   +1 ms] [        ] Artifact Instance of 'LinuxEngineArtifacts' is not required, skipping update.
[   +2 ms] [   +8 ms] Artifact Instance of 'LinuxFuchsiaSDKArtifacts' is not required, skipping update.
[   +3 ms] [        ] Artifact Instance of 'MacOSFuchsiaSDKArtifacts' is not required, skipping update.
[        ] [        ] Artifact Instance of 'FlutterRunnerSDKArtifacts' is not required, skipping update.
[   +1 ms] [        ] Artifact Instance of 'FlutterRunnerDebugSymbols' is not required, skipping update.
[  +11 ms] [        ] Artifact Instance of 'IosUsbArtifacts' is not required, skipping update.
[   +4 ms] [        ] Artifact Instance of 'IosUsbArtifacts' is not required, skipping update.
[  +10 ms] [   +9 ms] Artifact Instance of 'IosUsbArtifacts' is not required, skipping update.
[   +1 ms] [   +1 ms] Artifact Instance of 'IosUsbArtifacts' is not required, skipping update.
[   +4 ms] [        ] Artifact Instance of 'IosUsbArtifacts' is not required, skipping update.
[   +9 ms] [   +8 ms] Artifact Instance of 'FontSubsetArtifacts' is not required, skipping update.
[  +10 ms] [   +3 ms] Artifact Instance of 'PubDependencies' is not required, skipping update.
[ +409 ms] [ +493 ms] Initializing file store
[  +92 ms] [ +140 ms] Done initializing file store
[ +798 ms] [ +800 ms] Skipping target: gen_localizations
[ +211 ms] [ +123 ms] Skipping target: gen_dart_plugin_registrant
[+5388 ms] [+5431 ms] Skipping target: kernel_snapshot_program
[   +7 ms] [  +33 ms] Skipping target: native_assets
[   +1 ms] [   +5 ms] Skipping target: kernel_snapshot_native_assets
[  +13 ms] [   +1 ms] Skipping target: kernel_snapshot
[  +78 ms] [  +14 ms] invalidated build due to missing files: /home/seq_vishnu/WORK/RnD/expenze/mobile/DOES_NOT_EXIST_RERUN_FOR_WILDCARD1055735152
[+3499 ms] [+3525 ms] debug_android_application: Starting due to {InvalidatedReasonKind.inputMissing: The following inputs were missing: /home/seq_vishnu/WORK/RnD/expenze/mobile/DOES_NOT_EXIST_RERUN_FOR_WILDCARD1055735152}
[ +998 ms] [+1009 ms] Manifest contained wildcard assets. Inserting missing file into build graph to force rerun. for more information see #56466.
[   +1 ms] [  +28 ms] shaderc command: [/home/seq_vishnu/flutter/bin/cache/artifacts/engine/linux-x64/impellerc, --sksl, --runtime-stage-gles, --runtime-stage-vulkan, --iplr, --sl=/home/seq_vishnu/WORK/RnD/expenze/mobile/build/app/intermediates/flutter/debug/flutter_assets/shaders/ink_sparkle.frag, --spirv=/home/seq_vishnu/WORK/RnD/expenze/mobile/build/app/intermediates/flutter/debug/flutter_assets/shaders/ink_sparkle.frag.spirv, --input=/home/seq_vishnu/flutter/packages/flutter/lib/src/material/shaders/ink_sparkle.frag, --input-type=frag, --include=/home/seq_vishnu/flutter/packages/flutter/lib/src/material/shaders, --include=/home/seq_vishnu/flutter/bin/cache/artifacts/engine/linux-x64/shader_lib]
[+2198 ms] [+2233 ms] debug_android_application: Complete
[+1701 ms] [+1695 ms] Persisting file store
[ +100 ms] [  +39 ms] Done persisting file store
[   +1 ms] [  +44 ms] build succeeded.
[  +97 ms] [  +53 ms] "flutter assemble" took 16,923ms.
[ +302 ms] [ +321 ms] ensureAnalyticsSent: 251ms
[        ] [        ] Running 1 shutdown hook
[        ] [        ] Shutdown hooks complete
[ +296 ms] [ +293 ms] exiting with code 0
[        ] Invalidating in-memory cache of /home/seq_vishnu/WORK/RnD/expenze/mobile/android/.gradle/8.4/fileHashes/fileHashes.bin
[  +99 ms] Invalidating in-memory cache of /home/seq_vishnu/WORK/RnD/expenze/mobile/android/.gradle/8.4/fileHashes/resourceHashesCache.bin
[ +400 ms] Invalidating in-memory cache of /home/seq_vishnu/WORK/RnD/expenze/mobile/android/.gradle/8.4/executionHistory/executionHistory.bin
[        ] Invalidating in-memory cache of /home/seq_vishnu/WORK/RnD/expenze/mobile/android/.gradle/buildOutputCleanup/outputFiles.bin
[  +98 ms] Resolve mutations for :app:packJniLibsflutterBuildDebug (Thread[#65,Execution worker Thread 2,5,main]) started.
[        ] :app:packJniLibsflutterBuildDebug (Thread[#65,Execution worker Thread 2,5,main]) started.
[   +3 ms] > Task :app:packJniLibsflutterBuildDebug UP-TO-DATE
[   +2 ms] Caching disabled for task ':app:packJniLibsflutterBuildDebug' because:
[        ]   Build cache is disabled
[        ] Skipping task ':app:packJniLibsflutterBuildDebug' as it is up-to-date.
[        ] Resolve mutations for :app:checkDebugAarMetadata (Thread[#63,included builds,5,main]) started.
[   +3 ms] :app:checkDebugAarMetadata (Thread[#65,Execution worker Thread 2,5,main]) started.
[ +190 ms] > Task :app:checkDebugAarMetadata UP-TO-DATE
[        ] Caching disabled for task ':app:checkDebugAarMetadata' because:
[        ]   Build cache is disabled
[        ] Skipping task ':app:checkDebugAarMetadata' as it is up-to-date.
[        ] Resolve mutations for :app:cleanMergeDebugAssets (Thread[#65,Execution worker Thread 2,5,main]) started.
[   +4 ms] :app:cleanMergeDebugAssets (Thread[#65,Execution worker Thread 2,5,main]) started.
[   +4 ms] > Task :app:cleanMergeDebugAssets
[        ] Caching disabled for task ':app:cleanMergeDebugAssets' because:
[   +1 ms]   Build cache is disabled
[        ] Task ':app:cleanMergeDebugAssets' is not up-to-date because:
[   +4 ms]   Task has not declared any outputs despite executing actions.
[        ] Resolve mutations for :app:mergeDebugShaders (Thread[#65,Execution worker Thread 2,5,main]) started.
[   +1 ms] :app:mergeDebugShaders (Thread[#65,Execution worker Thread 2,5,main]) started.
[   +5 ms] > Task :app:mergeDebugShaders UP-TO-DATE
[        ] Watching 16 directories to track changes
[        ] Watching 17 directories to track changes
[        ] Caching disabled for task ':app:mergeDebugShaders' because:
[   +3 ms]   Build cache is disabled
[        ] Skipping task ':app:mergeDebugShaders' as it is up-to-date.
[   +1 ms] Resolve mutations for :app:compileDebugShaders (Thread[#63,included builds,5,main]) started.
[   +1 ms] :app:compileDebugShaders (Thread[#63,included builds,5,main]) started.
[   +2 ms] > Task :app:compileDebugShaders NO-SOURCE
[   +1 ms] Skipping task ':app:compileDebugShaders' as it has no source files and no previous output files.
[   +2 ms] Resolve mutations for :app:generateDebugAssets (Thread[#65,Execution worker Thread 2,5,main]) started.
[        ] :app:generateDebugAssets (Thread[#65,Execution worker Thread 2,5,main]) started.
[        ] > Task :app:generateDebugAssets UP-TO-DATE
[        ] Skipping task ':app:generateDebugAssets' as it has no actions.
[        ] Resolve mutations for :app:mergeDebugAssets (Thread[#65,Execution worker Thread 2,5,main]) started.
[   +2 ms] :app:mergeDebugAssets (Thread[#65,Execution worker Thread 2,5,main]) started.
[ +751 ms] > Task :app:mergeDebugAssets
[   +1 ms] Watching 17 directories to track changes
[   +2 ms] Watching 17 directories to track changes
[   +4 ms] Caching disabled for task ':app:mergeDebugAssets' because:
[        ]   Build cache is disabled
[        ] Task ':app:mergeDebugAssets' is not up-to-date because:
[        ]   Output property 'outputDir' file /home/seq_vishnu/WORK/RnD/expenze/mobile/build/app/intermediates/assets/debug/mergeDebugAssets has been removed.
[        ] The input changes require a full rebuild for incremental task ':app:mergeDebugAssets'.
[   +4 ms] Resolve mutations for :app:copyFlutterAssetsDebug (Thread[#65,Execution worker Thread 2,5,main]) started.
[   +2 ms] :app:copyFlutterAssetsDebug (Thread[#65,Execution worker Thread 2,5,main]) started.
[+1083 ms] > Task :app:copyFlutterAssetsDebug
[   +7 ms] Caching disabled for task ':app:copyFlutterAssetsDebug' because:
[        ]   Build cache is disabled
[   +5 ms] Task ':app:copyFlutterAssetsDebug' is not up-to-date because:
[   +1 ms]   Output property 'destinationDir' file /home/seq_vishnu/WORK/RnD/expenze/mobile/build/app/intermediates/assets/debug/mergeDebugAssets/flutter_assets has been removed.
[   +2 ms]   Output property 'destinationDir' file /home/seq_vishnu/WORK/RnD/expenze/mobile/build/app/intermediates/assets/debug/mergeDebugAssets/flutter_assets/AssetManifest.bin has been removed.
[   +1 ms]   Output property 'destinationDir' file /home/seq_vishnu/WORK/RnD/expenze/mobile/build/app/intermediates/assets/debug/mergeDebugAssets/flutter_assets/AssetManifest.json has been removed.
[   +2 ms] Resolve mutations for :app:generateDebugResValues (Thread[#65,Execution worker Thread 2,5,main]) started.
[   +1 ms] :app:generateDebugResValues (Thread[#65,Execution worker Thread 2,5,main]) started.
[        ] > Task :app:generateDebugResValues UP-TO-DATE
[        ] Caching disabled for task ':app:generateDebugResValues' because:
[        ]   Build cache is disabled
[   +1 ms] Skipping task ':app:generateDebugResValues' as it is up-to-date.
[   +1 ms] Resolve mutations for :app:mapDebugSourceSetPaths (Thread[#65,Execution worker Thread 2,5,main]) started.
[   +1 ms] :app:mapDebugSourceSetPaths (Thread[#65,Execution worker Thread 2,5,main]) started.
[        ] > Task :app:mapDebugSourceSetPaths UP-TO-DATE
[   +3 ms] Watching 27 directories to track changes
[        ] Watching 28 directories to track changes
[        ] Watching 29 directories to track changes
[        ] Watching 29 directories to track changes
[        ] Caching disabled for task ':app:mapDebugSourceSetPaths' because:
[        ]   Build cache is disabled
[        ] Skipping task ':app:mapDebugSourceSetPaths' as it is up-to-date.
[        ] Resolve mutations for :app:generateDebugResources (Thread[#65,Execution worker Thread 2,5,main]) started.
[        ] :app:generateDebugResources (Thread[#65,Execution worker Thread 2,5,main]) started.
[   +1 ms] > Task :app:generateDebugResources UP-TO-DATE
[        ] Caching disabled for task ':app:generateDebugResources' because:
[   +1 ms]   Build cache is disabled
[   +1 ms] Skipping task ':app:generateDebugResources' as it is up-to-date.
[        ] Resolve mutations for :app:mergeDebugResources (Thread[#65,Execution worker Thread 2,5,main]) started.
[        ] :app:mergeDebugResources (Thread[#65,Execution worker Thread 2,5,main]) started.
[  +64 ms] > Task :app:mergeDebugResources UP-TO-DATE
[        ] Caching disabled for task ':app:mergeDebugResources' because:
[        ]   Build cache is disabled
[        ] Skipping task ':app:mergeDebugResources' as it is up-to-date.
[        ] Resolve mutations for :app:createDebugCompatibleScreenManifests (Thread[#65,Execution worker Thread 2,5,main]) started.
[  +11 ms] :app:createDebugCompatibleScreenManifests (Thread[#65,Execution worker Thread 2,5,main]) started.
[   +3 ms] > Task :app:createDebugCompatibleScreenManifests UP-TO-DATE
[   +9 ms] Caching disabled for task ':app:createDebugCompatibleScreenManifests' because:
[        ]   Build cache is disabled
[        ] Skipping task ':app:createDebugCompatibleScreenManifests' as it is up-to-date.
[        ] Resolve mutations for :app:extractDeepLinksDebug (Thread[#65,Execution worker Thread 2,5,main]) started.
[        ] :app:extractDeepLinksDebug (Thread[#65,Execution worker Thread 2,5,main]) started.
[        ] > Task :app:extractDeepLinksDebug UP-TO-DATE
[        ] Caching disabled for task ':app:extractDeepLinksDebug' because:
[   +1 ms]   Build cache is disabled
[   +1 ms] Skipping task ':app:extractDeepLinksDebug' as it is up-to-date.
[   +1 ms] Resolve mutations for :app:processDebugMainManifest (Thread[#65,Execution worker Thread 2,5,main]) started.
[   +1 ms] :app:processDebugMainManifest (Thread[#65,Execution worker Thread 2,5,main]) started.
[   +1 ms] > Task :app:processDebugMainManifest UP-TO-DATE
[   +1 ms] Watching 29 directories to track changes
[   +1 ms] Watching 29 directories to track changes
[   +1 ms] Caching disabled for task ':app:processDebugMainManifest' because:
[        ]   Build cache is disabled
[        ] Skipping task ':app:processDebugMainManifest' as it is up-to-date.
[        ] Resolve mutations for :app:processDebugManifest (Thread[#65,Execution worker Thread 2,5,main]) started.
[        ] :app:processDebugManifest (Thread[#65,Execution worker Thread 2,5,main]) started.
[        ] > Task :app:processDebugManifest UP-TO-DATE
[        ] Caching disabled for task ':app:processDebugManifest' because:
[        ]   Build cache is disabled
[        ] Skipping task ':app:processDebugManifest' as it is up-to-date.
[        ] Resolve mutations for :app:processDebugManifestForPackage (Thread[#65,Execution worker Thread 2,5,main]) started.
[  +48 ms] :app:processDebugManifestForPackage (Thread[#65,Execution worker Thread 2,5,main]) started.
[   +4 ms] > Task :app:processDebugManifestForPackage UP-TO-DATE
[        ] Caching disabled for task ':app:processDebugManifestForPackage' because:
[        ]   Build cache is disabled
[   +1 ms] Skipping task ':app:processDebugManifestForPackage' as it is up-to-date.
[   +1 ms] Resolve mutations for :app:processDebugResources (Thread[#65,Execution worker Thread 2,5,main]) started.
[   +1 ms] :app:processDebugResources (Thread[#63,included builds,5,main]) started.
[  +90 ms] > Task :app:processDebugResources UP-TO-DATE
[        ] Caching disabled for task ':app:processDebugResources' because:
[        ]   Build cache is disabled
[        ] Skipping task ':app:processDebugResources' as it is up-to-date.
[        ] Resolve mutations for :app:compileDebugKotlin (Thread[#63,included builds,5,main]) started.
[   +1 ms] :app:compileDebugKotlin (Thread[#63,included builds,5,main]) started.
[+1795 ms] Resolve mutations for :app:javaPreCompileDebug (Thread[#66,Execution worker Thread 3,5,main]) started.
[   +5 ms] :app:javaPreCompileDebug (Thread[#66,Execution worker Thread 3,5,main]) started.
[        ] > Task :app:javaPreCompileDebug UP-TO-DATE
[   +6 ms] Caching disabled for task ':app:javaPreCompileDebug' because:
[   +1 ms]   Build cache is disabled
[   +1 ms] Skipping task ':app:javaPreCompileDebug' as it is up-to-date.
[   +3 ms] Resolve mutations for :app:compressDebugAssets (Thread[#67,Execution worker Thread 4,5,main]) started.
[   +1 ms] :app:compressDebugAssets (Thread[#67,Execution worker Thread 4,5,main]) started.
[        ] > Task :app:compressDebugAssets UP-TO-DATE
[        ] Caching disabled for task ':app:compressDebugAssets' because:
[        ]   Build cache is disabled
[        ] Skipping task ':app:compressDebugAssets' as it is up-to-date.
[        ] Resolve mutations for :app:desugarDebugFileDependencies (Thread[#67,Execution worker Thread 4,5,main]) started.
[        ] :app:desugarDebugFileDependencies (Thread[#67,Execution worker Thread 4,5,main]) started.
[  +95 ms] > Task :app:desugarDebugFileDependencies UP-TO-DATE
[  +12 ms] Transforming libs.jar with JetifyTransform
[        ] Transforming libs.jar with IdentityTransform
[        ] Transforming kotlin-stdlib-jdk8-1.9.0.jar (org.jetbrains.kotlin:kotlin-stdlib-jdk8:1.9.0) with JetifyTransform
[  +14 ms] Transforming armeabi_v7a_debug-1.0.0-cb4b5fff73850b2e42bd4de7cb9a4310a78ac40d.jar (io.flutter:armeabi_v7a_debug:1.0.0-cb4b5fff73850b2e42bd4de7cb9a4310a78ac40d) with JetifyTransform
[        ] Transforming arm64_v8a_debug-1.0.0-cb4b5fff73850b2e42bd4de7cb9a4310a78ac40d.jar (io.flutter:arm64_v8a_debug:1.0.0-cb4b5fff73850b2e42bd4de7cb9a4310a78ac40d) with JetifyTransform
[        ] Transforming x86_debug-1.0.0-cb4b5fff73850b2e42bd4de7cb9a4310a78ac40d.jar (io.flutter:x86_debug:1.0.0-cb4b5fff73850b2e42bd4de7cb9a4310a78ac40d) with JetifyTransform
[        ] Transforming x86_64_debug-1.0.0-cb4b5fff73850b2e42bd4de7cb9a4310a78ac40d.jar (io.flutter:x86_64_debug:1.0.0-cb4b5fff73850b2e42bd4de7cb9a4310a78ac40d) with JetifyTransform
[        ] Transforming kotlin-stdlib-jdk7-1.9.0.jar (org.jetbrains.kotlin:kotlin-stdlib-jdk7:1.9.0) with JetifyTransform
[  +12 ms] Transforming kotlin-stdlib-1.9.0.jar (org.jetbrains.kotlin:kotlin-stdlib:1.9.0) with JetifyTransform
[        ] Transforming kotlin-stdlib-common-1.9.0.jar (org.jetbrains.kotlin:kotlin-stdlib-common:1.9.0) with JetifyTransform
[        ] Transforming annotations-13.0.jar (org.jetbrains:annotations:13.0) with JetifyTransform
[        ] Caching disabled for task ':app:desugarDebugFileDependencies' because:
[        ]   Build cache is disabled
[        ] Skipping task ':app:desugarDebugFileDependencies' as it is up-to-date.
[        ] Resolve mutations for :app:checkDebugDuplicateClasses (Thread[#66,Execution worker Thread 3,5,main]) started.
[  +16 ms] :app:checkDebugDuplicateClasses (Thread[#66,Execution worker Thread 3,5,main]) started.
[  +29 ms] > Task :app:checkDebugDuplicateClasses UP-TO-DATE
[  +14 ms] Transforming libs.jar with JetifyTransform
[        ] Transforming libs.jar with IdentityTransform
[        ] Transforming libs.jar with EnumerateClassesTransform
[        ] Transforming kotlin-stdlib-jdk8-1.9.0.jar (org.jetbrains.kotlin:kotlin-stdlib-jdk8:1.9.0) with JetifyTransform
[  +28 ms] Transforming kotlin-stdlib-jdk8-1.9.0.jar (org.jetbrains.kotlin:kotlin-stdlib-jdk8:1.9.0) with IdentityTransform
[        ] Transforming kotlin-stdlib-jdk8-1.9.0.jar (org.jetbrains.kotlin:kotlin-stdlib-jdk8:1.9.0) with EnumerateClassesTransform
[   +5 ms] Transforming armeabi_v7a_debug-1.0.0-cb4b5fff73850b2e42bd4de7cb9a4310a78ac40d.jar (io.flutter:armeabi_v7a_debug:1.0.0-cb4b5fff73850b2e42bd4de7cb9a4310a78ac40d) with JetifyTransform
[        ] Invalidating in-memory cache of /home/seq_vishnu/.gradle/caches/journal-1/file-access.bin
[        ] Transforming armeabi_v7a_debug-1.0.0-cb4b5fff73850b2e42bd4de7cb9a4310a78ac40d.jar (io.flutter:armeabi_v7a_debug:1.0.0-cb4b5fff73850b2e42bd4de7cb9a4310a78ac40d) with IdentityTransform
[  +22 ms] Transforming armeabi_v7a_debug-1.0.0-cb4b5fff73850b2e42bd4de7cb9a4310a78ac40d.jar (io.flutter:armeabi_v7a_debug:1.0.0-cb4b5fff73850b2e42bd4de7cb9a4310a78ac40d) with EnumerateClassesTransform
[        ] Transforming arm64_v8a_debug-1.0.0-cb4b5fff73850b2e42bd4de7cb9a4310a78ac40d.jar (io.flutter:arm64_v8a_debug:1.0.0-cb4b5fff73850b2e42bd4de7cb9a4310a78ac40d) with JetifyTransform
[        ] Transforming arm64_v8a_debug-1.0.0-cb4b5fff73850b2e42bd4de7cb9a4310a78ac40d.jar (io.flutter:arm64_v8a_debug:1.0.0-cb4b5fff73850b2e42bd4de7cb9a4310a78ac40d) with IdentityTransform
[        ] Transforming arm64_v8a_debug-1.0.0-cb4b5fff73850b2e42bd4de7cb9a4310a78ac40d.jar (io.flutter:arm64_v8a_debug:1.0.0-cb4b5fff73850b2e42bd4de7cb9a4310a78ac40d) with EnumerateClassesTransform
[        ] Transforming x86_debug-1.0.0-cb4b5fff73850b2e42bd4de7cb9a4310a78ac40d.jar (io.flutter:x86_debug:1.0.0-cb4b5fff73850b2e42bd4de7cb9a4310a78ac40d) with JetifyTransform
[        ] Transforming x86_debug-1.0.0-cb4b5fff73850b2e42bd4de7cb9a4310a78ac40d.jar (io.flutter:x86_debug:1.0.0-cb4b5fff73850b2e42bd4de7cb9a4310a78ac40d) with IdentityTransform
[  +29 ms] Transforming x86_debug-1.0.0-cb4b5fff73850b2e42bd4de7cb9a4310a78ac40d.jar (io.flutter:x86_debug:1.0.0-cb4b5fff73850b2e42bd4de7cb9a4310a78ac40d) with EnumerateClassesTransform
[        ] Transforming x86_64_debug-1.0.0-cb4b5fff73850b2e42bd4de7cb9a4310a78ac40d.jar (io.flutter:x86_64_debug:1.0.0-cb4b5fff73850b2e42bd4de7cb9a4310a78ac40d) with JetifyTransform
[        ] Transforming x86_64_debug-1.0.0-cb4b5fff73850b2e42bd4de7cb9a4310a78ac40d.jar (io.flutter:x86_64_debug:1.0.0-cb4b5fff73850b2e42bd4de7cb9a4310a78ac40d) with IdentityTransform
[        ] Transforming x86_64_debug-1.0.0-cb4b5fff73850b2e42bd4de7cb9a4310a78ac40d.jar (io.flutter:x86_64_debug:1.0.0-cb4b5fff73850b2e42bd4de7cb9a4310a78ac40d) with EnumerateClassesTransform
[  +15 ms] Invalidating in-memory cache of /home/seq_vishnu/.gradle/caches/8.4/fileHashes/fileHashes.bin
[        ] Invalidating in-memory cache of /home/seq_vishnu/.gradle/caches/8.4/fileHashes/resourceHashesCache.bin
[        ] Transforming kotlin-stdlib-jdk7-1.9.0.jar (org.jetbrains.kotlin:kotlin-stdlib-jdk7:1.9.0) with JetifyTransform
[        ] Transforming kotlin-stdlib-jdk7-1.9.0.jar (org.jetbrains.kotlin:kotlin-stdlib-jdk7:1.9.0) with IdentityTransform
[        ] Transforming kotlin-stdlib-jdk7-1.9.0.jar (org.jetbrains.kotlin:kotlin-stdlib-jdk7:1.9.0) with EnumerateClassesTransform
[  +17 ms] Caching disabled for EnumerateClassesTransform: /home/seq_vishnu/.gradle/caches/transforms-3/cf9fa2db272405b280cf67e00123f06c/transformed/jetified-arm64_v8a_debug-1.0.0-cb4b5fff73850b2e42bd4de7cb9a4310a78ac40d.jar because:
[        ]   Build cache is disabled
[        ] Skipping EnumerateClassesTransform: /home/seq_vishnu/.gradle/caches/transforms-3/cf9fa2db272405b280cf67e00123f06c/transformed/jetified-arm64_v8a_debug-1.0.0-cb4b5fff73850b2e42bd4de7cb9a4310a78ac40d.jar as it is up-to-date.
[   +2 ms] Caching disabled for EnumerateClassesTransform: /home/seq_vishnu/.gradle/caches/transforms-3/22c1091123e489af53c87e1989c647c6/transformed/jetified-armeabi_v7a_debug-1.0.0-cb4b5fff73850b2e42bd4de7cb9a4310a78ac40d.jar because:
[   +7 ms]   Build cache is disabled
[        ] Transforming kotlin-stdlib-1.9.0.jar (org.jetbrains.kotlin:kotlin-stdlib:1.9.0) with JetifyTransform
[        ] Skipping EnumerateClassesTransform: /home/seq_vishnu/.gradle/caches/transforms-3/22c1091123e489af53c87e1989c647c6/transformed/jetified-armeabi_v7a_debug-1.0.0-cb4b5fff73850b2e42bd4de7cb9a4310a78ac40d.jar as it is up-to-date.
[        ] Caching disabled for EnumerateClassesTransform: /home/seq_vishnu/.gradle/caches/transforms-3/40588f7bb0a12f05a8ce847d0b07758e/transformed/jetified-kotlin-stdlib-jdk8-1.9.0.jar because:
[   +4 ms]   Build cache is disabled
[   +3 ms] Skipping EnumerateClassesTransform: /home/seq_vishnu/.gradle/caches/transforms-3/40588f7bb0a12f05a8ce847d0b07758e/transformed/jetified-kotlin-stdlib-jdk8-1.9.0.jar as it is up-to-date.
[   +1 ms] Caching disabled for EnumerateClassesTransform: /home/seq_vishnu/.gradle/caches/transforms-3/563bd6a2c71924a0003f18dca8dfaf94/transformed/jetified-libs.jar because:
[        ]   Build cache is disabled
[  +12 ms] Caching disabled for EnumerateClassesTransform: /home/seq_vishnu/.gradle/caches/transforms-3/cdd7d1a8d4ad57360ebfe44186dd6750/transformed/jetified-x86_debug-1.0.0-cb4b5fff73850b2e42bd4de7cb9a4310a78ac40d.jar because:
[        ]   Build cache is disabled
[   +2 ms] Skipping EnumerateClassesTransform: /home/seq_vishnu/.gradle/caches/transforms-3/563bd6a2c71924a0003f18dca8dfaf94/transformed/jetified-libs.jar as it is up-to-date.
[   +2 ms] Caching disabled for EnumerateClassesTransform: /home/seq_vishnu/.gradle/caches/transforms-3/cec01aedf4aea24b82bc6a4383bc7c97/transformed/jetified-x86_64_debug-1.0.0-cb4b5fff73850b2e42bd4de7cb9a4310a78ac40d.jar because:
[   +5 ms]   Build cache is disabled
[   +1 ms] Transforming kotlin-stdlib-1.9.0.jar (org.jetbrains.kotlin:kotlin-stdlib:1.9.0) with IdentityTransform
[        ] Skipping EnumerateClassesTransform: /home/seq_vishnu/.gradle/caches/transforms-3/cdd7d1a8d4ad57360ebfe44186dd6750/transformed/jetified-x86_debug-1.0.0-cb4b5fff73850b2e42bd4de7cb9a4310a78ac40d.jar as it is up-to-date.
[   +3 ms] Transforming kotlin-stdlib-1.9.0.jar (org.jetbrains.kotlin:kotlin-stdlib:1.9.0) with EnumerateClassesTransform
[   +3 ms] Transforming kotlin-stdlib-common-1.9.0.jar (org.jetbrains.kotlin:kotlin-stdlib-common:1.9.0) with JetifyTransform
[        ] Transforming kotlin-stdlib-common-1.9.0.jar (org.jetbrains.kotlin:kotlin-stdlib-common:1.9.0) with IdentityTransform
[   +5 ms] Transforming kotlin-stdlib-common-1.9.0.jar (org.jetbrains.kotlin:kotlin-stdlib-common:1.9.0) with EnumerateClassesTransform
[        ] Skipping EnumerateClassesTransform: /home/seq_vishnu/.gradle/caches/transforms-3/cec01aedf4aea24b82bc6a4383bc7c97/transformed/jetified-x86_64_debug-1.0.0-cb4b5fff73850b2e42bd4de7cb9a4310a78ac40d.jar as it is up-to-date.
[        ] Transforming annotations-13.0.jar (org.jetbrains:annotations:13.0) with JetifyTransform
[   +4 ms] Caching disabled for EnumerateClassesTransform: /home/seq_vishnu/.gradle/caches/transforms-3/089ed528a4bc67f6b39c2aac4d34732e/transformed/jetified-kotlin-stdlib-jdk7-1.9.0.jar because:
[   +4 ms]   Build cache is disabled
[        ] Transforming annotations-13.0.jar (org.jetbrains:annotations:13.0) with IdentityTransform
[   +7 ms] Skipping EnumerateClassesTransform: /home/seq_vishnu/.gradle/caches/transforms-3/089ed528a4bc67f6b39c2aac4d34732e/transformed/jetified-kotlin-stdlib-jdk7-1.9.0.jar as it is up-to-date.
[   +1 ms] Transforming annotations-13.0.jar (org.jetbrains:annotations:13.0) with EnumerateClassesTransform
[   +4 ms] Caching disabled for EnumerateClassesTransform: /home/seq_vishnu/.gradle/caches/transforms-3/a358b119a88bab9dcd4f3b74f0e1834e/transformed/jetified-kotlin-stdlib-common-1.9.0.jar because:
[        ]   Build cache is disabled
[   +4 ms] Skipping EnumerateClassesTransform: /home/seq_vishnu/.gradle/caches/transforms-3/a358b119a88bab9dcd4f3b74f0e1834e/transformed/jetified-kotlin-stdlib-common-1.9.0.jar as it is up-to-date.
[   +9 ms] Caching disabled for EnumerateClassesTransform: /home/seq_vishnu/.gradle/caches/transforms-3/1a13f77f6599408c29ea235c6b434dce/transformed/jetified-kotlin-stdlib-1.9.0.jar because:
[   +1 ms]   Build cache is disabled
[   +2 ms] Skipping EnumerateClassesTransform: /home/seq_vishnu/.gradle/caches/transforms-3/1a13f77f6599408c29ea235c6b434dce/transformed/jetified-kotlin-stdlib-1.9.0.jar as it is up-to-date.
[   +1 ms] Caching disabled for EnumerateClassesTransform: /home/seq_vishnu/.gradle/caches/transforms-3/f0c1c54b23d2dcf5ba2734b5c494e6fa/transformed/jetified-annotations-13.0.jar because:
[        ]   Build cache is disabled
[        ] Skipping EnumerateClassesTransform: /home/seq_vishnu/.gradle/caches/transforms-3/f0c1c54b23d2dcf5ba2734b5c494e6fa/transformed/jetified-annotations-13.0.jar as it is up-to-date.
[        ] Transforming libs.jar with JetifyTransform
[        ] Transforming libs.jar with IdentityTransform
[        ] Transforming libs.jar with EnumerateClassesTransform
[        ] Caching disabled for task ':app:checkDebugDuplicateClasses' because:
[        ]   Build cache is disabled
[        ] Skipping task ':app:checkDebugDuplicateClasses' as it is up-to-date.
[   +1 ms] Resolve mutations for :app:mergeExtDexDebug (Thread[#67,Execution worker Thread 4,5,main]) started.
[   +1 ms] :app:mergeExtDexDebug (Thread[#67,Execution worker Thread 4,5,main]) started.
[   +1 ms] > Task :app:compileDebugKotlin
[        ] Watching 29 directories to track changes
[        ] Watching 29 directories to track changes
[        ] Watching 33 directories to track changes
[        ] Transforming libs.jar with JetifyTransform
[        ] Transforming annotations-13.0.jar (org.jetbrains:annotations:13.0) with JetifyTransform
[        ] Invalidating in-memory cache of /home/seq_vishnu/.gradle/caches/journal-1/file-access.bin
[        ] Transforming x86_64_debug-1.0.0-cb4b5fff73850b2e42bd4de7cb9a4310a78ac40d.jar (io.flutter:x86_64_debug:1.0.0-cb4b5fff73850b2e42bd4de7cb9a4310a78ac40d) with JetifyTransform
[        ] Transforming armeabi_v7a_debug-1.0.0-cb4b5fff73850b2e42bd4de7cb9a4310a78ac40d.jar (io.flutter:armeabi_v7a_debug:1.0.0-cb4b5fff73850b2e42bd4de7cb9a4310a78ac40d) with JetifyTransform
[        ] Transforming arm64_v8a_debug-1.0.0-cb4b5fff73850b2e42bd4de7cb9a4310a78ac40d.jar (io.flutter:arm64_v8a_debug:1.0.0-cb4b5fff73850b2e42bd4de7cb9a4310a78ac40d) with JetifyTransform
[        ] Transforming kotlin-stdlib-1.9.0.jar (org.jetbrains.kotlin:kotlin-stdlib:1.9.0) with JetifyTransform
[        ] Transforming x86_debug-1.0.0-cb4b5fff73850b2e42bd4de7cb9a4310a78ac40d.jar (io.flutter:x86_debug:1.0.0-cb4b5fff73850b2e42bd4de7cb9a4310a78ac40d) with JetifyTransform
[        ] Transforming kotlin-stdlib-jdk7-1.9.0.jar (org.jetbrains.kotlin:kotlin-stdlib-jdk7:1.9.0) with JetifyTransform
[        ] Transforming kotlin-stdlib-jdk8-1.9.0.jar (org.jetbrains.kotlin:kotlin-stdlib-jdk8:1.9.0) with JetifyTransform
[        ] Invalidating in-memory cache of /home/seq_vishnu/.gradle/caches/8.4/fileHashes/fileHashes.bin
[        ] Invalidating in-memory cache of /home/seq_vishnu/.gradle/caches/8.4/fileHashes/resourceHashesCache.bin
[        ] Caching disabled for JetifyTransform: /home/seq_vishnu/.gradle/caches/modules-2/files-2.1/org.jetbrains.kotlin/kotlin-stdlib/1.9.0/8ee15ef0c67dc83d874f412d84378d7f0eb50b63/kotlin-stdlib-1.9.0.jar because:
[        ]   Build cache is disabled
[        ] Caching disabled for JetifyTransform: /home/seq_vishnu/.gradle/caches/modules-2/files-2.1/io.flutter/x86_debug/1.0.0-cb4b5fff73850b2e42bd4de7cb9a4310a78ac40d/28012592a35f2df5ccd1a1292a2eab90329aa11a/x86_debug-1.0.0-cb4b5fff73850b2e42bd4de7cb9a4310a78ac40d.jar because:
[        ]   Build cache is disabled
[        ] Caching disabled for JetifyTransform: /home/seq_vishnu/.gradle/caches/modules-2/files-2.1/org.jetbrains.kotlin/kotlin-stdlib-jdk8/1.9.0/e000bd084353d84c9e888f6fb341dc1f5b79d948/kotlin-stdlib-jdk8-1.9.0.jar because:
[        ]   Build cache is disabled
[        ] Caching disabled for JetifyTransform: /home/seq_vishnu/.gradle/caches/modules-2/files-2.1/org.jetbrains.kotlin/kotlin-stdlib-jdk7/1.9.0/f320478990d05e0cfaadd74f9619fd6027adbf37/kotlin-stdlib-jdk7-1.9.0.jar because:
[        ]   Build cache is disabled
[        ] Caching disabled for JetifyTransform: /home/seq_vishnu/.gradle/caches/modules-2/files-2.1/io.flutter/armeabi_v7a_debug/1.0.0-cb4b5fff73850b2e42bd4de7cb9a4310a78ac40d/8e1f9b31390167d29642ec1173c3069ec0999867/armeabi_v7a_debug-1.0.0-cb4b5fff73850b2e42bd4de7cb9a4310a78ac40d.jar because:
[        ]   Build cache is disabled
[        ] Caching disabled for JetifyTransform: /home/seq_vishnu/WORK/RnD/expenze/mobile/build/app/intermediates/flutter/debug/libs.jar because:
[        ]   Build cache is disabled
[        ] Caching disabled for JetifyTransform: /home/seq_vishnu/.gradle/caches/modules-2/files-2.1/io.flutter/x86_64_debug/1.0.0-cb4b5fff73850b2e42bd4de7cb9a4310a78ac40d/a076730b67ef0ef441c51ee9523e91395c3914a2/x86_64_debug-1.0.0-cb4b5fff73850b2e42bd4de7cb9a4310a78ac40d.jar because:
[        ]   Build cache is disabled
[        ] Caching disabled for JetifyTransform: /home/seq_vishnu/.gradle/caches/modules-2/files-2.1/io.flutter/arm64_v8a_debug/1.0.0-cb4b5fff73850b2e42bd4de7cb9a4310a78ac40d/52a54d554cd0b7cb0e18d6454d5c43cbcf53a8ef/arm64_v8a_debug-1.0.0-cb4b5fff73850b2e42bd4de7cb9a4310a78ac40d.jar because:
[        ]   Build cache is disabled
[        ] Skipping JetifyTransform: /home/seq_vishnu/.gradle/caches/modules-2/files-2.1/org.jetbrains.kotlin/kotlin-stdlib-jdk8/1.9.0/e000bd084353d84c9e888f6fb341dc1f5b79d948/kotlin-stdlib-jdk8-1.9.0.jar as it is up-to-date.
[        ] Skipping JetifyTransform: /home/seq_vishnu/.gradle/caches/modules-2/files-2.1/io.flutter/x86_64_debug/1.0.0-cb4b5fff73850b2e42bd4de7cb9a4310a78ac40d/a076730b67ef0ef441c51ee9523e91395c3914a2/x86_64_debug-1.0.0-cb4b5fff73850b2e42bd4de7cb9a4310a78ac40d.jar as it is up-to-date.
[        ] Skipping JetifyTransform: /home/seq_vishnu/.gradle/caches/modules-2/files-2.1/org.jetbrains.kotlin/kotlin-stdlib-jdk7/1.9.0/f320478990d05e0cfaadd74f9619fd6027adbf37/kotlin-stdlib-jdk7-1.9.0.jar as it is up-to-date.
[        ] Skipping JetifyTransform: /home/seq_vishnu/.gradle/caches/modules-2/files-2.1/org.jetbrains.kotlin/kotlin-stdlib/1.9.0/8ee15ef0c67dc83d874f412d84378d7f0eb50b63/kotlin-stdlib-1.9.0.jar as it is up-to-date.
[        ] Skipping JetifyTransform: /home/seq_vishnu/WORK/RnD/expenze/mobile/build/app/intermediates/flutter/debug/libs.jar as it is up-to-date.
[        ] Skipping JetifyTransform: /home/seq_vishnu/.gradle/caches/modules-2/files-2.1/io.flutter/arm64_v8a_debug/1.0.0-cb4b5fff73850b2e42bd4de7cb9a4310a78ac40d/52a54d554cd0b7cb0e18d6454d5c43cbcf53a8ef/arm64_v8a_debug-1.0.0-cb4b5fff73850b2e42bd4de7cb9a4310a78ac40d.jar as it is up-to-date.
[        ] Skipping JetifyTransform: /home/seq_vishnu/.gradle/caches/modules-2/files-2.1/io.flutter/armeabi_v7a_debug/1.0.0-cb4b5fff73850b2e42bd4de7cb9a4310a78ac40d/8e1f9b31390167d29642ec1173c3069ec0999867/armeabi_v7a_debug-1.0.0-cb4b5fff73850b2e42bd4de7cb9a4310a78ac40d.jar as it is up-to-date.
[        ] Skipping JetifyTransform: /home/seq_vishnu/.gradle/caches/modules-2/files-2.1/io.flutter/x86_debug/1.0.0-cb4b5fff73850b2e42bd4de7cb9a4310a78ac40d/28012592a35f2df5ccd1a1292a2eab90329aa11a/x86_debug-1.0.0-cb4b5fff73850b2e42bd4de7cb9a4310a78ac40d.jar as it is up-to-date.
[        ] Transforming arm64_v8a_debug-1.0.0-cb4b5fff73850b2e42bd4de7cb9a4310a78ac40d.jar (io.flutter:arm64_v8a_debug:1.0.0-cb4b5fff73850b2e42bd4de7cb9a4310a78ac40d) with IdentityTransform
[        ] Transforming armeabi_v7a_debug-1.0.0-cb4b5fff73850b2e42bd4de7cb9a4310a78ac40d.jar (io.flutter:armeabi_v7a_debug:1.0.0-cb4b5fff73850b2e42bd4de7cb9a4310a78ac40d) with IdentityTransform
[        ] Transforming libs.jar with IdentityTransform
[        ] Transforming kotlin-stdlib-jdk8-1.9.0.jar (org.jetbrains.kotlin:kotlin-stdlib-jdk8:1.9.0) with IdentityTransform
[        ] Transforming x86_debug-1.0.0-cb4b5fff73850b2e42bd4de7cb9a4310a78ac40d.jar (io.flutter:x86_debug:1.0.0-cb4b5fff73850b2e42bd4de7cb9a4310a78ac40d) with IdentityTransform
[        ] Transforming kotlin-stdlib-1.9.0.jar (org.jetbrains.kotlin:kotlin-stdlib:1.9.0) with IdentityTransform
[        ] Transforming x86_64_debug-1.0.0-cb4b5fff73850b2e42bd4de7cb9a4310a78ac40d.jar (io.flutter:x86_64_debug:1.0.0-cb4b5fff73850b2e42bd4de7cb9a4310a78ac40d) with IdentityTransform
[        ] Transforming kotlin-stdlib-jdk7-1.9.0.jar (org.jetbrains.kotlin:kotlin-stdlib-jdk7:1.9.0) with IdentityTransform
[        ] Caching disabled for IdentityTransform: /home/seq_vishnu/.gradle/caches/transforms-3/cf9fa2db272405b280cf67e00123f06c/transformed/jetified-arm64_v8a_debug-1.0.0-cb4b5fff73850b2e42bd4de7cb9a4310a78ac40d.jar because:
[        ]   Build cache is disabled
[        ] Skipping IdentityTransform: /home/seq_vishnu/.gradle/caches/transforms-3/cf9fa2db272405b280cf67e00123f06c/transformed/jetified-arm64_v8a_debug-1.0.0-cb4b5fff73850b2e42bd4de7cb9a4310a78ac40d.jar as it is up-to-date.
[        ] Transforming kotlin-stdlib-common-1.9.0.jar (org.jetbrains.kotlin:kotlin-stdlib-common:1.9.0) with JetifyTransform
[        ] Caching disabled for IdentityTransform: /home/seq_vishnu/.gradle/caches/transforms-3/22c1091123e489af53c87e1989c647c6/transformed/jetified-armeabi_v7a_debug-1.0.0-cb4b5fff73850b2e42bd4de7cb9a4310a78ac40d.jar because:
[        ]   Build cache is disabled
[        ] Skipping IdentityTransform: /home/seq_vishnu/.gradle/caches/transforms-3/22c1091123e489af53c87e1989c647c6/transformed/jetified-armeabi_v7a_debug-1.0.0-cb4b5fff73850b2e42bd4de7cb9a4310a78ac40d.jar as it is up-to-date.
[        ] Caching disabled for IdentityTransform: /home/seq_vishnu/.gradle/caches/transforms-3/40588f7bb0a12f05a8ce847d0b07758e/transformed/jetified-kotlin-stdlib-jdk8-1.9.0.jar because:
[        ]   Build cache is disabled
[        ] Caching disabled for IdentityTransform: /home/seq_vishnu/.gradle/caches/transforms-3/563bd6a2c71924a0003f18dca8dfaf94/transformed/jetified-libs.jar because:
[        ]   Build cache is disabled
[        ] Skipping IdentityTransform: /home/seq_vishnu/.gradle/caches/transforms-3/563bd6a2c71924a0003f18dca8dfaf94/transformed/jetified-libs.jar as it is up-to-date.
[        ] Caching disabled for IdentityTransform: /home/seq_vishnu/.gradle/caches/transforms-3/089ed528a4bc67f6b39c2aac4d34732e/transformed/jetified-kotlin-stdlib-jdk7-1.9.0.jar because:
[        ]   Build cache is disabled
[        ] Caching disabled for JetifyTransform: /home/seq_vishnu/.gradle/caches/modules-2/files-2.1/org.jetbrains.kotlin/kotlin-stdlib-common/1.9.0/cd65c21cfd1eec4d44ef09f9f52b6d9f8a720636/kotlin-stdlib-common-1.9.0.jar because:
[        ]   Build cache is disabled
[        ] Caching disabled for IdentityTransform: /home/seq_vishnu/.gradle/caches/transforms-3/cdd7d1a8d4ad57360ebfe44186dd6750/transformed/jetified-x86_debug-1.0.0-cb4b5fff73850b2e42bd4de7cb9a4310a78ac40d.jar because:
[        ]   Build cache is disabled
[        ] Skipping IdentityTransform: /home/seq_vishnu/.gradle/caches/transforms-3/089ed528a4bc67f6b39c2aac4d34732e/transformed/jetified-kotlin-stdlib-jdk7-1.9.0.jar as it is up-to-date.
[        ] Skipping JetifyTransform: /home/seq_vishnu/.gradle/caches/modules-2/files-2.1/org.jetbrains.kotlin/kotlin-stdlib-common/1.9.0/cd65c21cfd1eec4d44ef09f9f52b6d9f8a720636/kotlin-stdlib-common-1.9.0.jar as it is up-to-date.
[        ] Skipping IdentityTransform: /home/seq_vishnu/.gradle/caches/transforms-3/cdd7d1a8d4ad57360ebfe44186dd6750/transformed/jetified-x86_debug-1.0.0-cb4b5fff73850b2e42bd4de7cb9a4310a78ac40d.jar as it is up-to-date.
[        ] Caching disabled for IdentityTransform: /home/seq_vishnu/.gradle/caches/transforms-3/cec01aedf4aea24b82bc6a4383bc7c97/transformed/jetified-x86_64_debug-1.0.0-cb4b5fff73850b2e42bd4de7cb9a4310a78ac40d.jar because:
[        ]   Build cache is disabled
[        ] Skipping IdentityTransform: /home/seq_vishnu/.gradle/caches/transforms-3/40588f7bb0a12f05a8ce847d0b07758e/transformed/jetified-kotlin-stdlib-jdk8-1.9.0.jar as it is up-to-date.
[        ] Transforming kotlin-stdlib-common-1.9.0.jar (org.jetbrains.kotlin:kotlin-stdlib-common:1.9.0) with IdentityTransform
[        ] Skipping IdentityTransform: /home/seq_vishnu/.gradle/caches/transforms-3/cec01aedf4aea24b82bc6a4383bc7c97/transformed/jetified-x86_64_debug-1.0.0-cb4b5fff73850b2e42bd4de7cb9a4310a78ac40d.jar as it is up-to-date.
[        ] Caching disabled for IdentityTransform: /home/seq_vishnu/.gradle/caches/transforms-3/1a13f77f6599408c29ea235c6b434dce/transformed/jetified-kotlin-stdlib-1.9.0.jar because:
[        ]   Build cache is disabled
[        ] Skipping IdentityTransform: /home/seq_vishnu/.gradle/caches/transforms-3/1a13f77f6599408c29ea235c6b434dce/transformed/jetified-kotlin-stdlib-1.9.0.jar as it is up-to-date.
[        ] Caching disabled for JetifyTransform: /home/seq_vishnu/.gradle/caches/modules-2/files-2.1/org.jetbrains/annotations/13.0/919f0dfe192fb4e063e7dacadee7f8bb9a2672a9/annotations-13.0.jar because:
[        ]   Build cache is disabled
[        ] Skipping JetifyTransform: /home/seq_vishnu/.gradle/caches/modules-2/files-2.1/org.jetbrains/annotations/13.0/919f0dfe192fb4e063e7dacadee7f8bb9a2672a9/annotations-13.0.jar as it is up-to-date.
[        ] Transforming annotations-13.0.jar (org.jetbrains:annotations:13.0) with IdentityTransform
[        ] Caching disabled for IdentityTransform: /home/seq_vishnu/.gradle/caches/transforms-3/a358b119a88bab9dcd4f3b74f0e1834e/transformed/jetified-kotlin-stdlib-common-1.9.0.jar because:
[        ]   Build cache is disabled
[        ] Skipping IdentityTransform: /home/seq_vishnu/.gradle/caches/transforms-3/a358b119a88bab9dcd4f3b74f0e1834e/transformed/jetified-kotlin-stdlib-common-1.9.0.jar as it is up-to-date.
[        ] Caching disabled for IdentityTransform: /home/seq_vishnu/.gradle/caches/transforms-3/f0c1c54b23d2dcf5ba2734b5c494e6fa/transformed/jetified-annotations-13.0.jar because:
[        ]   Build cache is disabled
[        ] Skipping IdentityTransform: /home/seq_vishnu/.gradle/caches/transforms-3/f0c1c54b23d2dcf5ba2734b5c494e6fa/transformed/jetified-annotations-13.0.jar as it is up-to-date.
[        ] Transforming R.jar with ClasspathEntrySnapshotTransform
[        ] Transforming jetified-libs.jar with ClasspathEntrySnapshotTransform
[        ] Transforming jetified-kotlin-stdlib-jdk8-1.9.0.jar with ClasspathEntrySnapshotTransform
[        ] Transforming jetified-armeabi_v7a_debug-1.0.0-cb4b5fff73850b2e42bd4de7cb9a4310a78ac40d.jar with ClasspathEntrySnapshotTransform
[        ] Transforming jetified-arm64_v8a_debug-1.0.0-cb4b5fff73850b2e42bd4de7cb9a4310a78ac40d.jar with ClasspathEntrySnapshotTransform
[        ] Caching disabled for ClasspathEntrySnapshotTransform: /home/seq_vishnu/WORK/RnD/expenze/mobile/build/app/intermediates/compile_and_runtime_not_namespaced_r_class_jar/debug/processDebugResources/R.jar because:
[   +1 ms]   Build cache is disabled
[        ] Caching disabled for ClasspathEntrySnapshotTransform: /home/seq_vishnu/.gradle/caches/transforms-3/563bd6a2c71924a0003f18dca8dfaf94/transformed/jetified-libs.jar because:
[   +1 ms]   Build cache is disabled
[   +1 ms] Transforming jetified-x86_debug-1.0.0-cb4b5fff73850b2e42bd4de7cb9a4310a78ac40d.jar with ClasspathEntrySnapshotTransform
[   +1 ms] Skipping ClasspathEntrySnapshotTransform: /home/seq_vishnu/WORK/RnD/expenze/mobile/build/app/intermediates/compile_and_runtime_not_namespaced_r_class_jar/debug/processDebugResources/R.jar as it is up-to-date.
[        ] Skipping ClasspathEntrySnapshotTransform: /home/seq_vishnu/.gradle/caches/transforms-3/563bd6a2c71924a0003f18dca8dfaf94/transformed/jetified-libs.jar as it is up-to-date.
[   +1 ms] Transforming jetified-x86_64_debug-1.0.0-cb4b5fff73850b2e42bd4de7cb9a4310a78ac40d.jar with ClasspathEntrySnapshotTransform
[        ] Transforming jetified-kotlin-stdlib-jdk7-1.9.0.jar with ClasspathEntrySnapshotTransform
[        ] Caching disabled for ClasspathEntrySnapshotTransform: /home/seq_vishnu/.gradle/caches/transforms-3/22c1091123e489af53c87e1989c647c6/transformed/jetified-armeabi_v7a_debug-1.0.0-cb4b5fff73850b2e42bd4de7cb9a4310a78ac40d.jar because:
[        ]   Build cache is disabled
[        ] Skipping ClasspathEntrySnapshotTransform: /home/seq_vishnu/.gradle/caches/transforms-3/22c1091123e489af53c87e1989c647c6/transformed/jetified-armeabi_v7a_debug-1.0.0-cb4b5fff73850b2e42bd4de7cb9a4310a78ac40d.jar as it is up-to-date.
[        ] Transforming jetified-kotlin-stdlib-1.9.0.jar with ClasspathEntrySnapshotTransform
[        ] Caching disabled for ClasspathEntrySnapshotTransform: /home/seq_vishnu/.gradle/caches/transforms-3/cf9fa2db272405b280cf67e00123f06c/transformed/jetified-arm64_v8a_debug-1.0.0-cb4b5fff73850b2e42bd4de7cb9a4310a78ac40d.jar because:
[        ]   Build cache is disabled
[        ] Caching disabled for ClasspathEntrySnapshotTransform: /home/seq_vishnu/.gradle/caches/transforms-3/cdd7d1a8d4ad57360ebfe44186dd6750/transformed/jetified-x86_debug-1.0.0-cb4b5fff73850b2e42bd4de7cb9a4310a78ac40d.jar because:
[        ]   Build cache is disabled
[        ] Caching disabled for ClasspathEntrySnapshotTransform: /home/seq_vishnu/.gradle/caches/transforms-3/40588f7bb0a12f05a8ce847d0b07758e/transformed/jetified-kotlin-stdlib-jdk8-1.9.0.jar because:
[        ]   Build cache is disabled
[        ] Skipping ClasspathEntrySnapshotTransform: /home/seq_vishnu/.gradle/caches/transforms-3/cf9fa2db272405b280cf67e00123f06c/transformed/jetified-arm64_v8a_debug-1.0.0-cb4b5fff73850b2e42bd4de7cb9a4310a78ac40d.jar as it is up-to-date.
[        ] Transforming jetified-kotlin-stdlib-common-1.9.0.jar with ClasspathEntrySnapshotTransform
[        ] Skipping ClasspathEntrySnapshotTransform: /home/seq_vishnu/.gradle/caches/transforms-3/40588f7bb0a12f05a8ce847d0b07758e/transformed/jetified-kotlin-stdlib-jdk8-1.9.0.jar as it is up-to-date.
[        ] Transforming jetified-annotations-13.0.jar with ClasspathEntrySnapshotTransform
[        ] Skipping ClasspathEntrySnapshotTransform: /home/seq_vishnu/.gradle/caches/transforms-3/cdd7d1a8d4ad57360ebfe44186dd6750/transformed/jetified-x86_debug-1.0.0-cb4b5fff73850b2e42bd4de7cb9a4310a78ac40d.jar as it is up-to-date.
[        ] Transforming android.jar with ClasspathEntrySnapshotTransform
[        ] Transforming core-lambda-stubs.jar with ClasspathEntrySnapshotTransform
[        ] Caching disabled for ClasspathEntrySnapshotTransform: /home/seq_vishnu/.gradle/caches/transforms-3/cec01aedf4aea24b82bc6a4383bc7c97/transformed/jetified-x86_64_debug-1.0.0-cb4b5fff73850b2e42bd4de7cb9a4310a78ac40d.jar because:
[   +7 ms]   Build cache is disabled
[   +4 ms] Skipping ClasspathEntrySnapshotTransform: /home/seq_vishnu/.gradle/caches/transforms-3/cec01aedf4aea24b82bc6a4383bc7c97/transformed/jetified-x86_64_debug-1.0.0-cb4b5fff73850b2e42bd4de7cb9a4310a78ac40d.jar as it is up-to-date.
[   +1 ms] Caching disabled for ClasspathEntrySnapshotTransform: /home/seq_vishnu/.gradle/caches/transforms-3/089ed528a4bc67f6b39c2aac4d34732e/transformed/jetified-kotlin-stdlib-jdk7-1.9.0.jar because:
[   +1 ms]   Build cache is disabled
[   +1 ms] Skipping ClasspathEntrySnapshotTransform: /home/seq_vishnu/.gradle/caches/transforms-3/089ed528a4bc67f6b39c2aac4d34732e/transformed/jetified-kotlin-stdlib-jdk7-1.9.0.jar as it is up-to-date.
[   +1 ms] Caching disabled for ClasspathEntrySnapshotTransform: /home/seq_vishnu/.gradle/caches/transforms-3/1a13f77f6599408c29ea235c6b434dce/transformed/jetified-kotlin-stdlib-1.9.0.jar because:
[   +1 ms]   Build cache is disabled
[        ] Skipping ClasspathEntrySnapshotTransform: /home/seq_vishnu/.gradle/caches/transforms-3/1a13f77f6599408c29ea235c6b434dce/transformed/jetified-kotlin-stdlib-1.9.0.jar as it is up-to-date.
[        ] Caching disabled for ClasspathEntrySnapshotTransform: /home/seq_vishnu/.gradle/caches/transforms-3/a358b119a88bab9dcd4f3b74f0e1834e/transformed/jetified-kotlin-stdlib-common-1.9.0.jar because:
[        ]   Build cache is disabled
[   +1 ms] Caching disabled for ClasspathEntrySnapshotTransform: /home/seq_vishnu/.gradle/caches/transforms-3/f0c1c54b23d2dcf5ba2734b5c494e6fa/transformed/jetified-annotations-13.0.jar because:
[   +1 ms]   Build cache is disabled
[   +1 ms] Skipping ClasspathEntrySnapshotTransform: /home/seq_vishnu/.gradle/caches/transforms-3/f0c1c54b23d2dcf5ba2734b5c494e6fa/transformed/jetified-annotations-13.0.jar as it is up-to-date.
[   +1 ms] Caching disabled for ClasspathEntrySnapshotTransform: /home/seq_vishnu/Android/Sdk/build-tools/34.0.0/core-lambda-stubs.jar because:
[   +1 ms]   Build cache is disabled
[   +1 ms] Skipping ClasspathEntrySnapshotTransform: /home/seq_vishnu/Android/Sdk/build-tools/34.0.0/core-lambda-stubs.jar as it is up-to-date.
[   +3 ms] Caching disabled for ClasspathEntrySnapshotTransform: /home/seq_vishnu/Android/Sdk/platforms/android-35/android.jar because:
[   +2 ms]   Build cache is disabled
[   +4 ms] Skipping ClasspathEntrySnapshotTransform: /home/seq_vishnu/.gradle/caches/transforms-3/a358b119a88bab9dcd4f3b74f0e1834e/transformed/jetified-kotlin-stdlib-common-1.9.0.jar as it is up-to-date.
[   +2 ms] Skipping ClasspathEntrySnapshotTransform: /home/seq_vishnu/Android/Sdk/platforms/android-35/android.jar as it is up-to-date.
[   +1 ms] Watching 37 directories to track changes
[   +1 ms] Caching disabled for task ':app:compileDebugKotlin' because:
[   +1 ms]   Build cache is disabled
[   +1 ms] Task ':app:compileDebugKotlin' is not up-to-date because:
[        ]   Task has failed previously.
[        ] The input changes require a full rebuild for incremental task ':app:compileDebugKotlin'.
[        ] file or directory '/home/seq_vishnu/WORK/RnD/expenze/mobile/android/app/src/debug/kotlin', not found
[        ] file or directory '/home/seq_vishnu/WORK/RnD/expenze/mobile/android/app/src/debug/kotlin', not found
[        ] file or directory '/home/seq_vishnu/WORK/RnD/expenze/mobile/android/app/src/debug/java', not found
[   +1 ms] file or directory '/home/seq_vishnu/WORK/RnD/expenze/mobile/android/app/src/debug/kotlin', not found
[   +1 ms] file or directory '/home/seq_vishnu/WORK/RnD/expenze/mobile/android/app/src/debug/java', not found
[   +1 ms] file or directory '/home/seq_vishnu/WORK/RnD/expenze/mobile/android/app/src/debug/java', not found
[   +1 ms] file or directory '/home/seq_vishnu/WORK/RnD/expenze/mobile/android/app/src/debug/kotlin', not found
[   +1 ms] file or directory '/home/seq_vishnu/WORK/RnD/expenze/mobile/android/app/src/debug/kotlin', not found
[   +1 ms] file or directory '/home/seq_vishnu/WORK/RnD/expenze/mobile/android/app/src/debug/java', not found
[   +1 ms] file or directory '/home/seq_vishnu/WORK/RnD/expenze/mobile/android/app/src/debug/kotlin', not found
[   +1 ms] file or directory '/home/seq_vishnu/WORK/RnD/expenze/mobile/android/app/src/debug/java', not found
[   +1 ms] Transforming libs.jar with JetifyTransform
[   +1 ms] Transforming libs.jar with IdentityTransform
[        ] Transforming libs.jar with JetifyTransform
[        ] Transforming libs.jar with IdentityTransform
[        ] Transforming libs.jar with JetifyTransform
[   +1 ms] Transforming libs.jar with IdentityTransform
[   +1 ms] file or directory '/home/seq_vishnu/WORK/RnD/expenze/mobile/android/app/src/debug/kotlin', not found
[   +1 ms] file or directory '/home/seq_vishnu/WORK/RnD/expenze/mobile/android/app/src/debug/kotlin', not found
[   +1 ms] file or directory '/home/seq_vishnu/WORK/RnD/expenze/mobile/android/app/src/debug/java', not found
[        ] file or directory '/home/seq_vishnu/WORK/RnD/expenze/mobile/android/app/src/debug/kotlin', not found
[        ] file or directory '/home/seq_vishnu/WORK/RnD/expenze/mobile/android/app/src/debug/java', not found
[        ] file or directory '/home/seq_vishnu/WORK/RnD/expenze/mobile/android/app/src/debug/java', not found
[        ] file or directory '/home/seq_vishnu/WORK/RnD/expenze/mobile/android/app/src/debug/kotlin', not found
[        ] file or directory '/home/seq_vishnu/WORK/RnD/expenze/mobile/android/app/src/debug/kotlin', not found
[        ] file or directory '/home/seq_vishnu/WORK/RnD/expenze/mobile/android/app/src/debug/java', not found
[        ] file or directory '/home/seq_vishnu/WORK/RnD/expenze/mobile/android/app/src/debug/kotlin', not found
[        ] file or directory '/home/seq_vishnu/WORK/RnD/expenze/mobile/android/app/src/debug/java', not found
[        ] file or directory '/home/seq_vishnu/WORK/RnD/expenze/mobile/android/app/src/debug/java', not found
[        ] file or directory '/home/seq_vishnu/WORK/RnD/expenze/mobile/android/app/src/debug/kotlin', not found
[        ] file or directory '/home/seq_vishnu/WORK/RnD/expenze/mobile/android/app/src/debug/kotlin', not found
[        ] file or directory '/home/seq_vishnu/WORK/RnD/expenze/mobile/android/app/src/debug/java', not found
[        ] file or directory '/home/seq_vishnu/WORK/RnD/expenze/mobile/android/app/src/debug/kotlin', not found
[        ] file or directory '/home/seq_vishnu/WORK/RnD/expenze/mobile/android/app/src/debug/java', not found
[        ] file or directory '/home/seq_vishnu/WORK/RnD/expenze/mobile/android/app/src/debug/java', not found
[        ] Kotlin source files: /home/seq_vishnu/WORK/RnD/expenze/mobile/android/app/src/main/kotlin/com/expenze/mobile/MainActivity.kt
[        ] Java source files: /home/seq_vishnu/WORK/RnD/expenze/mobile/android/app/src/main/java/io/flutter/plugins/GeneratedPluginRegistrant.java, /home/seq_vishnu/WORK/RnD/expenze/mobile/build/app/generated/source/buildConfig/debug/com/expenze/mobile/BuildConfig.java
[        ] Script source files: 
[        ] Script file extensions: 
[        ] Using Kotlin/JVM incremental compilation
[        ] [KOTLIN] Kotlin compilation 'jdkHome' argument: null
[        ] > Task :app:mergeExtDexDebug UP-TO-DATE
[   +1 ms] Transforming kotlin-stdlib-jdk7-1.9.0.jar (org.jetbrains.kotlin:kotlin-stdlib-jdk7:1.9.0) with JetifyTransform
[        ] Transforming kotlin-stdlib-jdk7-1.9.0.jar (org.jetbrains.kotlin:kotlin-stdlib-jdk7:1.9.0) with IdentityTransform
[        ] Transforming kotlin-stdlib-1.9.0.jar (org.jetbrains.kotlin:kotlin-stdlib:1.9.0) with JetifyTransform
[        ] Transforming kotlin-stdlib-1.9.0.jar (org.jetbrains.kotlin:kotlin-stdlib:1.9.0) with IdentityTransform
[        ] Transforming kotlin-stdlib-common-1.9.0.jar (org.jetbrains.kotlin:kotlin-stdlib-common:1.9.0) with JetifyTransform
[        ] Transforming kotlin-stdlib-common-1.9.0.jar (org.jetbrains.kotlin:kotlin-stdlib-common:1.9.0) with IdentityTransform
[        ] Transforming annotations-13.0.jar (org.jetbrains:annotations:13.0) with JetifyTransform
[        ] Transforming annotations-13.0.jar (org.jetbrains:annotations:13.0) with IdentityTransform
[        ] Transforming kotlin-stdlib-jdk8-1.9.0.jar (org.jetbrains.kotlin:kotlin-stdlib-jdk8:1.9.0) with JetifyTransform
[        ] Transforming kotlin-stdlib-jdk8-1.9.0.jar (org.jetbrains.kotlin:kotlin-stdlib-jdk8:1.9.0) with IdentityTransform
[        ] Transforming kotlin-stdlib-jdk8-1.9.0.jar (org.jetbrains.kotlin:kotlin-stdlib-jdk8:1.9.0) with DexingWithClasspathTransform
[        ] Transforming armeabi_v7a_debug-1.0.0-cb4b5fff73850b2e42bd4de7cb9a4310a78ac40d.jar (io.flutter:armeabi_v7a_debug:1.0.0-cb4b5fff73850b2e42bd4de7cb9a4310a78ac40d) with JetifyTransform
[        ] Transforming armeabi_v7a_debug-1.0.0-cb4b5fff73850b2e42bd4de7cb9a4310a78ac40d.jar (io.flutter:armeabi_v7a_debug:1.0.0-cb4b5fff73850b2e42bd4de7cb9a4310a78ac40d) with IdentityTransform
[        ] Transforming armeabi_v7a_debug-1.0.0-cb4b5fff73850b2e42bd4de7cb9a4310a78ac40d.jar (io.flutter:armeabi_v7a_debug:1.0.0-cb4b5fff73850b2e42bd4de7cb9a4310a78ac40d) with DexingWithClasspathTransform
[        ] Caching disabled for DexingWithClasspathTransform: /home/seq_vishnu/.gradle/caches/transforms-3/40588f7bb0a12f05a8ce847d0b07758e/transformed/jetified-kotlin-stdlib-jdk8-1.9.0.jar because:
[        ]   Build cache is disabled
[        ] Skipping DexingWithClasspathTransform: /home/seq_vishnu/.gradle/caches/transforms-3/40588f7bb0a12f05a8ce847d0b07758e/transformed/jetified-kotlin-stdlib-jdk8-1.9.0.jar as it is up-to-date.
[        ] Transforming arm64_v8a_debug-1.0.0-cb4b5fff73850b2e42bd4de7cb9a4310a78ac40d.jar (io.flutter:arm64_v8a_debug:1.0.0-cb4b5fff73850b2e42bd4de7cb9a4310a78ac40d) with JetifyTransform
[   +1 ms] Transforming arm64_v8a_debug-1.0.0-cb4b5fff73850b2e42bd4de7cb9a4310a78ac40d.jar (io.flutter:arm64_v8a_debug:1.0.0-cb4b5fff73850b2e42bd4de7cb9a4310a78ac40d) with IdentityTransform
[   +1 ms] Transforming arm64_v8a_debug-1.0.0-cb4b5fff73850b2e42bd4de7cb9a4310a78ac40d.jar (io.flutter:arm64_v8a_debug:1.0.0-cb4b5fff73850b2e42bd4de7cb9a4310a78ac40d) with DexingWithClasspathTransform
[        ] Transforming kotlin-stdlib-jdk8-1.9.0.jar (org.jetbrains.kotlin:kotlin-stdlib-jdk8:1.9.0) with DexingOutputSplitTransform
[        ] Caching disabled for DexingOutputSplitTransform: /home/seq_vishnu/.gradle/caches/transforms-3/98889bb4bd401cc5de68500f90809c8d/transformed/jetified-kotlin-stdlib-jdk8-1.9.0 because:
[        ]   Build cache is disabled
[        ] Transforming x86_debug-1.0.0-cb4b5fff73850b2e42bd4de7cb9a4310a78ac40d.jar (io.flutter:x86_debug:1.0.0-cb4b5fff73850b2e42bd4de7cb9a4310a78ac40d) with JetifyTransform
[        ] Transforming x86_debug-1.0.0-cb4b5fff73850b2e42bd4de7cb9a4310a78ac40d.jar (io.flutter:x86_debug:1.0.0-cb4b5fff73850b2e42bd4de7cb9a4310a78ac40d) with IdentityTransform
[        ] Transforming x86_debug-1.0.0-cb4b5fff73850b2e42bd4de7cb9a4310a78ac40d.jar (io.flutter:x86_debug:1.0.0-cb4b5fff73850b2e42bd4de7cb9a4310a78ac40d) with DexingWithClasspathTransform
[        ] Caching disabled for DexingWithClasspathTransform: /home/seq_vishnu/.gradle/caches/transforms-3/22c1091123e489af53c87e1989c647c6/transformed/jetified-armeabi_v7a_debug-1.0.0-cb4b5fff73850b2e42bd4de7cb9a4310a78ac40d.jar because:
[        ]   Build cache is disabled
[        ] Skipping DexingWithClasspathTransform: /home/seq_vishnu/.gradle/caches/transforms-3/22c1091123e489af53c87e1989c647c6/transformed/jetified-armeabi_v7a_debug-1.0.0-cb4b5fff73850b2e42bd4de7cb9a4310a78ac40d.jar as it is up-to-date.
[        ] Skipping DexingOutputSplitTransform: /home/seq_vishnu/.gradle/caches/transforms-3/98889bb4bd401cc5de68500f90809c8d/transformed/jetified-kotlin-stdlib-jdk8-1.9.0 as it is up-to-date.
[        ] Transforming armeabi_v7a_debug-1.0.0-cb4b5fff73850b2e42bd4de7cb9a4310a78ac40d.jar (io.flutter:armeabi_v7a_debug:1.0.0-cb4b5fff73850b2e42bd4de7cb9a4310a78ac40d) with DexingOutputSplitTransform
[        ] Caching disabled for DexingWithClasspathTransform: /home/seq_vishnu/.gradle/caches/transforms-3/cf9fa2db272405b280cf67e00123f06c/transformed/jetified-arm64_v8a_debug-1.0.0-cb4b5fff73850b2e42bd4de7cb9a4310a78ac40d.jar because:
[        ]   Build cache is disabled
[        ] Skipping DexingWithClasspathTransform: /home/seq_vishnu/.gradle/caches/transforms-3/cf9fa2db272405b280cf67e00123f06c/transformed/jetified-arm64_v8a_debug-1.0.0-cb4b5fff73850b2e42bd4de7cb9a4310a78ac40d.jar as it is up-to-date.
[        ] Transforming x86_64_debug-1.0.0-cb4b5fff73850b2e42bd4de7cb9a4310a78ac40d.jar (io.flutter:x86_64_debug:1.0.0-cb4b5fff73850b2e42bd4de7cb9a4310a78ac40d) with JetifyTransform
[        ] Transforming x86_64_debug-1.0.0-cb4b5fff73850b2e42bd4de7cb9a4310a78ac40d.jar (io.flutter:x86_64_debug:1.0.0-cb4b5fff73850b2e42bd4de7cb9a4310a78ac40d) with IdentityTransform
[        ] Transforming x86_64_debug-1.0.0-cb4b5fff73850b2e42bd4de7cb9a4310a78ac40d.jar (io.flutter:x86_64_debug:1.0.0-cb4b5fff73850b2e42bd4de7cb9a4310a78ac40d) with DexingWithClasspathTransform
[        ] Caching disabled for DexingWithClasspathTransform: /home/seq_vishnu/.gradle/caches/transforms-3/cdd7d1a8d4ad57360ebfe44186dd6750/transformed/jetified-x86_debug-1.0.0-cb4b5fff73850b2e42bd4de7cb9a4310a78ac40d.jar because:
[        ]   Build cache is disabled
[        ] Skipping DexingWithClasspathTransform: /home/seq_vishnu/.gradle/caches/transforms-3/cdd7d1a8d4ad57360ebfe44186dd6750/transformed/jetified-x86_debug-1.0.0-cb4b5fff73850b2e42bd4de7cb9a4310a78ac40d.jar as it is up-to-date.
[        ] Caching disabled for DexingOutputSplitTransform: /home/seq_vishnu/.gradle/caches/transforms-3/53030272c1e72d2d47d471d21e8517fa/transformed/jetified-armeabi_v7a_debug-1.0.0-cb4b5fff73850b2e42bd4de7cb9a4310a78ac40d because:
[        ]   Build cache is disabled
[        ] Skipping DexingOutputSplitTransform: /home/seq_vishnu/.gradle/caches/transforms-3/53030272c1e72d2d47d471d21e8517fa/transformed/jetified-armeabi_v7a_debug-1.0.0-cb4b5fff73850b2e42bd4de7cb9a4310a78ac40d as it is up-to-date.
[   +1 ms] Transforming arm64_v8a_debug-1.0.0-cb4b5fff73850b2e42bd4de7cb9a4310a78ac40d.jar (io.flutter:arm64_v8a_debug:1.0.0-cb4b5fff73850b2e42bd4de7cb9a4310a78ac40d) with DexingOutputSplitTransform
[   +1 ms] Transforming x86_debug-1.0.0-cb4b5fff73850b2e42bd4de7cb9a4310a78ac40d.jar (io.flutter:x86_debug:1.0.0-cb4b5fff73850b2e42bd4de7cb9a4310a78ac40d) with DexingOutputSplitTransform
[        ] Transforming kotlin-stdlib-jdk7-1.9.0.jar (org.jetbrains.kotlin:kotlin-stdlib-jdk7:1.9.0) with JetifyTransform
[        ] Transforming kotlin-stdlib-jdk7-1.9.0.jar (org.jetbrains.kotlin:kotlin-stdlib-jdk7:1.9.0) with IdentityTransform
[        ] Transforming kotlin-stdlib-jdk7-1.9.0.jar (org.jetbrains.kotlin:kotlin-stdlib-jdk7:1.9.0) with DexingWithClasspathTransform
[        ] Caching disabled for DexingOutputSplitTransform: /home/seq_vishnu/.gradle/caches/transforms-3/064fa20366c4f68a20e52e98067de779/transformed/jetified-arm64_v8a_debug-1.0.0-cb4b5fff73850b2e42bd4de7cb9a4310a78ac40d because:
[        ]   Build cache is disabled
[        ] Caching disabled for DexingWithClasspathTransform: /home/seq_vishnu/.gradle/caches/transforms-3/cec01aedf4aea24b82bc6a4383bc7c97/transformed/jetified-x86_64_debug-1.0.0-cb4b5fff73850b2e42bd4de7cb9a4310a78ac40d.jar because:
[        ]   Build cache is disabled
[        ] Skipping DexingOutputSplitTransform: /home/seq_vishnu/.gradle/caches/transforms-3/064fa20366c4f68a20e52e98067de779/transformed/jetified-arm64_v8a_debug-1.0.0-cb4b5fff73850b2e42bd4de7cb9a4310a78ac40d as it is up-to-date.
[        ] Skipping DexingWithClasspathTransform: /home/seq_vishnu/.gradle/caches/transforms-3/cec01aedf4aea24b82bc6a4383bc7c97/transformed/jetified-x86_64_debug-1.0.0-cb4b5fff73850b2e42bd4de7cb9a4310a78ac40d.jar as it is up-to-date.
[        ] Caching disabled for DexingOutputSplitTransform: /home/seq_vishnu/.gradle/caches/transforms-3/90110513ddad4ec2c59aec4c576a17bb/transformed/jetified-x86_debug-1.0.0-cb4b5fff73850b2e42bd4de7cb9a4310a78ac40d because:
[        ]   Build cache is disabled
[        ] Skipping DexingOutputSplitTransform: /home/seq_vishnu/.gradle/caches/transforms-3/90110513ddad4ec2c59aec4c576a17bb/transformed/jetified-x86_debug-1.0.0-cb4b5fff73850b2e42bd4de7cb9a4310a78ac40d as it is up-to-date.
[        ] Transforming kotlin-stdlib-1.9.0.jar (org.jetbrains.kotlin:kotlin-stdlib:1.9.0) with JetifyTransform
[        ] Transforming x86_64_debug-1.0.0-cb4b5fff73850b2e42bd4de7cb9a4310a78ac40d.jar (io.flutter:x86_64_debug:1.0.0-cb4b5fff73850b2e42bd4de7cb9a4310a78ac40d) with DexingOutputSplitTransform
[        ] Transforming kotlin-stdlib-1.9.0.jar (org.jetbrains.kotlin:kotlin-stdlib:1.9.0) with IdentityTransform
[        ] Transforming kotlin-stdlib-1.9.0.jar (org.jetbrains.kotlin:kotlin-stdlib:1.9.0) with DexingWithClasspathTransform
[        ] Transforming kotlin-stdlib-common-1.9.0.jar (org.jetbrains.kotlin:kotlin-stdlib-common:1.9.0) with JetifyTransform
[        ] Transforming kotlin-stdlib-common-1.9.0.jar (org.jetbrains.kotlin:kotlin-stdlib-common:1.9.0) with IdentityTransform
[        ] Transforming kotlin-stdlib-common-1.9.0.jar (org.jetbrains.kotlin:kotlin-stdlib-common:1.9.0) with DexingWithClasspathTransform
[        ] Caching disabled for DexingOutputSplitTransform: /home/seq_vishnu/.gradle/caches/transforms-3/cb3d35c4f6ce7eef7b805e566a2dbaac/transformed/jetified-x86_64_debug-1.0.0-cb4b5fff73850b2e42bd4de7cb9a4310a78ac40d because:
[        ]   Build cache is disabled
[        ] Skipping DexingOutputSplitTransform: /home/seq_vishnu/.gradle/caches/transforms-3/cb3d35c4f6ce7eef7b805e566a2dbaac/transformed/jetified-x86_64_debug-1.0.0-cb4b5fff73850b2e42bd4de7cb9a4310a78ac40d as it is up-to-date.
[        ] Caching disabled for DexingWithClasspathTransform: /home/seq_vishnu/.gradle/caches/transforms-3/089ed528a4bc67f6b39c2aac4d34732e/transformed/jetified-kotlin-stdlib-jdk7-1.9.0.jar because:
[        ]   Build cache is disabled
[        ] Skipping DexingWithClasspathTransform: /home/seq_vishnu/.gradle/caches/transforms-3/089ed528a4bc67f6b39c2aac4d34732e/transformed/jetified-kotlin-stdlib-jdk7-1.9.0.jar as it is up-to-date.
[        ] Transforming kotlin-stdlib-jdk7-1.9.0.jar (org.jetbrains.kotlin:kotlin-stdlib-jdk7:1.9.0) with DexingOutputSplitTransform
[        ] Transforming annotations-13.0.jar (org.jetbrains:annotations:13.0) with JetifyTransform
[        ] Transforming annotations-13.0.jar (org.jetbrains:annotations:13.0) with IdentityTransform
[        ] Caching disabled for DexingWithClasspathTransform: /home/seq_vishnu/.gradle/caches/transforms-3/1a13f77f6599408c29ea235c6b434dce/transformed/jetified-kotlin-stdlib-1.9.0.jar because:
[        ]   Build cache is disabled
[        ] Skipping DexingWithClasspathTransform: /home/seq_vishnu/.gradle/caches/transforms-3/1a13f77f6599408c29ea235c6b434dce/transformed/jetified-kotlin-stdlib-1.9.0.jar as it is up-to-date.
[        ] Caching disabled for DexingOutputSplitTransform: /home/seq_vishnu/.gradle/caches/transforms-3/9da6dfdf169cba567b0b38304266acc0/transformed/jetified-kotlin-stdlib-jdk7-1.9.0 because:
[        ]   Build cache is disabled
[        ] Transforming annotations-13.0.jar (org.jetbrains:annotations:13.0) with DexingWithClasspathTransform
[        ] Caching disabled for DexingWithClasspathTransform: /home/seq_vishnu/.gradle/caches/transforms-3/a358b119a88bab9dcd4f3b74f0e1834e/transformed/jetified-kotlin-stdlib-common-1.9.0.jar because:
[        ]   Build cache is disabled
[        ] Transforming kotlin-stdlib-1.9.0.jar (org.jetbrains.kotlin:kotlin-stdlib:1.9.0) with DexingOutputSplitTransform
[        ] Skipping DexingWithClasspathTransform: /home/seq_vishnu/.gradle/caches/transforms-3/a358b119a88bab9dcd4f3b74f0e1834e/transformed/jetified-kotlin-stdlib-common-1.9.0.jar as it is up-to-date.
[        ] Skipping DexingOutputSplitTransform: /home/seq_vishnu/.gradle/caches/transforms-3/9da6dfdf169cba567b0b38304266acc0/transformed/jetified-kotlin-stdlib-jdk7-1.9.0 as it is up-to-date.
[        ] Transforming kotlin-stdlib-common-1.9.0.jar (org.jetbrains.kotlin:kotlin-stdlib-common:1.9.0) with DexingOutputSplitTransform
[        ] Caching disabled for DexingOutputSplitTransform: /home/seq_vishnu/.gradle/caches/transforms-3/aec404d24ea27c43a3cb8315778fa970/transformed/jetified-kotlin-stdlib-1.9.0 because:
[        ]   Build cache is disabled
[        ] Skipping DexingOutputSplitTransform: /home/seq_vishnu/.gradle/caches/transforms-3/aec404d24ea27c43a3cb8315778fa970/transformed/jetified-kotlin-stdlib-1.9.0 as it is up-to-date.
[        ] Caching disabled for DexingWithClasspathTransform: /home/seq_vishnu/.gradle/caches/transforms-3/f0c1c54b23d2dcf5ba2734b5c494e6fa/transformed/jetified-annotations-13.0.jar because:
[        ]   Build cache is disabled
[   +1 ms] Caching disabled for DexingOutputSplitTransform: /home/seq_vishnu/.gradle/caches/transforms-3/05bb1084eb18e3b79e946476637b82c9/transformed/jetified-kotlin-stdlib-common-1.9.0 because:
[   +1 ms]   Build cache is disabled
[   +1 ms] Skipping DexingWithClasspathTransform: /home/seq_vishnu/.gradle/caches/transforms-3/f0c1c54b23d2dcf5ba2734b5c494e6fa/transformed/jetified-annotations-13.0.jar as it is up-to-date.
[        ] Skipping DexingOutputSplitTransform: /home/seq_vishnu/.gradle/caches/transforms-3/05bb1084eb18e3b79e946476637b82c9/transformed/jetified-kotlin-stdlib-common-1.9.0 as it is up-to-date.
[        ] Transforming annotations-13.0.jar (org.jetbrains:annotations:13.0) with DexingOutputSplitTransform
[        ] Caching disabled for DexingOutputSplitTransform: /home/seq_vishnu/.gradle/caches/transforms-3/e03776f32df7589ac30a8c04ab2f4897/transformed/jetified-annotations-13.0 because:
[        ]   Build cache is disabled
[        ] Skipping DexingOutputSplitTransform: /home/seq_vishnu/.gradle/caches/transforms-3/e03776f32df7589ac30a8c04ab2f4897/transformed/jetified-annotations-13.0 as it is up-to-date.
[        ] Caching disabled for task ':app:mergeExtDexDebug' because:
[        ]   Build cache is disabled
[        ] Skipping task ':app:mergeExtDexDebug' as it is up-to-date.
[        ] Resolve mutations for :app:mergeLibDexDebug (Thread[#66,Execution worker Thread 3,5,main]) started.
[        ] :app:mergeLibDexDebug (Thread[#66,Execution worker Thread 3,5,main]) started.
[        ] > Task :app:mergeLibDexDebug UP-TO-DATE
[        ] Caching disabled for task ':app:mergeLibDexDebug' because:
[        ]   Build cache is disabled
[        ] Skipping task ':app:mergeLibDexDebug' as it is up-to-date.
[        ] Resolve mutations for :app:mergeDebugJniLibFolders (Thread[#67,Execution worker Thread 4,5,main]) started.
[        ] :app:mergeDebugJniLibFolders (Thread[#67,Execution worker Thread 4,5,main]) started.
[        ] > Task :app:mergeDebugJniLibFolders UP-TO-DATE
[        ] Watching 37 directories to track changes
[        ] Watching 37 directories to track changes
[        ] Caching disabled for task ':app:mergeDebugJniLibFolders' because:
[        ]   Build cache is disabled
[        ] Skipping task ':app:mergeDebugJniLibFolders' as it is up-to-date.
[        ] Resolve mutations for :app:mergeDebugNativeLibs (Thread[#66,Execution worker Thread 3,5,main]) started.
[        ] :app:mergeDebugNativeLibs (Thread[#67,Execution worker Thread 4,5,main]) started.
[   +4 ms] > Task :app:mergeDebugNativeLibs UP-TO-DATE
[        ] Transforming libs.jar with JetifyTransform
[        ] Transforming libs.jar with ExtractJniTransform
[        ] Transforming kotlin-stdlib-jdk8-1.9.0.jar (org.jetbrains.kotlin:kotlin-stdlib-jdk8:1.9.0) with JetifyTransform
[        ] Transforming kotlin-stdlib-jdk8-1.9.0.jar (org.jetbrains.kotlin:kotlin-stdlib-jdk8:1.9.0) with ExtractJniTransform
[        ] Transforming armeabi_v7a_debug-1.0.0-cb4b5fff73850b2e42bd4de7cb9a4310a78ac40d.jar (io.flutter:armeabi_v7a_debug:1.0.0-cb4b5fff73850b2e42bd4de7cb9a4310a78ac40d) with JetifyTransform
[   +1 ms] Transforming armeabi_v7a_debug-1.0.0-cb4b5fff73850b2e42bd4de7cb9a4310a78ac40d.jar (io.flutter:armeabi_v7a_debug:1.0.0-cb4b5fff73850b2e42bd4de7cb9a4310a78ac40d) with ExtractJniTransform
[        ] Caching disabled for ExtractJniTransform: /home/seq_vishnu/.gradle/caches/transforms-3/563bd6a2c71924a0003f18dca8dfaf94/transformed/jetified-libs.jar because:
[        ]   Build cache is disabled
[        ] Skipping ExtractJniTransform: /home/seq_vishnu/.gradle/caches/transforms-3/563bd6a2c71924a0003f18dca8dfaf94/transformed/jetified-libs.jar as it is up-to-date.
[        ] Caching disabled for ExtractJniTransform: /home/seq_vishnu/.gradle/caches/transforms-3/40588f7bb0a12f05a8ce847d0b07758e/transformed/jetified-kotlin-stdlib-jdk8-1.9.0.jar because:
[        ]   Build cache is disabled
[        ] Skipping ExtractJniTransform: /home/seq_vishnu/.gradle/caches/transforms-3/40588f7bb0a12f05a8ce847d0b07758e/transformed/jetified-kotlin-stdlib-jdk8-1.9.0.jar as it is up-to-date.
[        ] Transforming arm64_v8a_debug-1.0.0-cb4b5fff73850b2e42bd4de7cb9a4310a78ac40d.jar (io.flutter:arm64_v8a_debug:1.0.0-cb4b5fff73850b2e42bd4de7cb9a4310a78ac40d) with JetifyTransform
[        ] Transforming arm64_v8a_debug-1.0.0-cb4b5fff73850b2e42bd4de7cb9a4310a78ac40d.jar (io.flutter:arm64_v8a_debug:1.0.0-cb4b5fff73850b2e42bd4de7cb9a4310a78ac40d) with ExtractJniTransform
[        ] Transforming x86_debug-1.0.0-cb4b5fff73850b2e42bd4de7cb9a4310a78ac40d.jar (io.flutter:x86_debug:1.0.0-cb4b5fff73850b2e42bd4de7cb9a4310a78ac40d) with JetifyTransform
[        ] Transforming x86_debug-1.0.0-cb4b5fff73850b2e42bd4de7cb9a4310a78ac40d.jar (io.flutter:x86_debug:1.0.0-cb4b5fff73850b2e42bd4de7cb9a4310a78ac40d) with ExtractJniTransform
[        ] Transforming x86_64_debug-1.0.0-cb4b5fff73850b2e42bd4de7cb9a4310a78ac40d.jar (io.flutter:x86_64_debug:1.0.0-cb4b5fff73850b2e42bd4de7cb9a4310a78ac40d) with JetifyTransform
[        ] Transforming x86_64_debug-1.0.0-cb4b5fff73850b2e42bd4de7cb9a4310a78ac40d.jar (io.flutter:x86_64_debug:1.0.0-cb4b5fff73850b2e42bd4de7cb9a4310a78ac40d) with ExtractJniTransform
[        ] Caching disabled for ExtractJniTransform: /home/seq_vishnu/.gradle/caches/transforms-3/cf9fa2db272405b280cf67e00123f06c/transformed/jetified-arm64_v8a_debug-1.0.0-cb4b5fff73850b2e42bd4de7cb9a4310a78ac40d.jar because:
[        ]   Build cache is disabled
[        ] Skipping ExtractJniTransform: /home/seq_vishnu/.gradle/caches/transforms-3/cf9fa2db272405b280cf67e00123f06c/transformed/jetified-arm64_v8a_debug-1.0.0-cb4b5fff73850b2e42bd4de7cb9a4310a78ac40d.jar as it is up-to-date.
[        ] Transforming kotlin-stdlib-jdk7-1.9.0.jar (org.jetbrains.kotlin:kotlin-stdlib-jdk7:1.9.0) with JetifyTransform
[        ] Caching disabled for ExtractJniTransform: /home/seq_vishnu/.gradle/caches/transforms-3/22c1091123e489af53c87e1989c647c6/transformed/jetified-armeabi_v7a_debug-1.0.0-cb4b5fff73850b2e42bd4de7cb9a4310a78ac40d.jar because:
[        ]   Build cache is disabled
[        ] Skipping ExtractJniTransform: /home/seq_vishnu/.gradle/caches/transforms-3/22c1091123e489af53c87e1989c647c6/transformed/jetified-armeabi_v7a_debug-1.0.0-cb4b5fff73850b2e42bd4de7cb9a4310a78ac40d.jar as it is up-to-date.
[        ] Transforming kotlin-stdlib-jdk7-1.9.0.jar (org.jetbrains.kotlin:kotlin-stdlib-jdk7:1.9.0) with ExtractJniTransform
[        ] Caching disabled for ExtractJniTransform: /home/seq_vishnu/.gradle/caches/transforms-3/cdd7d1a8d4ad57360ebfe44186dd6750/transformed/jetified-x86_debug-1.0.0-cb4b5fff73850b2e42bd4de7cb9a4310a78ac40d.jar because:
[        ]   Build cache is disabled
[        ] Skipping ExtractJniTransform: /home/seq_vishnu/.gradle/caches/transforms-3/cdd7d1a8d4ad57360ebfe44186dd6750/transformed/jetified-x86_debug-1.0.0-cb4b5fff73850b2e42bd4de7cb9a4310a78ac40d.jar as it is up-to-date.
[        ] Caching disabled for ExtractJniTransform: /home/seq_vishnu/.gradle/caches/transforms-3/089ed528a4bc67f6b39c2aac4d34732e/transformed/jetified-kotlin-stdlib-jdk7-1.9.0.jar because:
[        ]   Build cache is disabled
[        ] Transforming kotlin-stdlib-1.9.0.jar (org.jetbrains.kotlin:kotlin-stdlib:1.9.0) with JetifyTransform
[        ] Transforming kotlin-stdlib-1.9.0.jar (org.jetbrains.kotlin:kotlin-stdlib:1.9.0) with ExtractJniTransform
[        ] Transforming kotlin-stdlib-common-1.9.0.jar (org.jetbrains.kotlin:kotlin-stdlib-common:1.9.0) with JetifyTransform
[        ] Transforming kotlin-stdlib-common-1.9.0.jar (org.jetbrains.kotlin:kotlin-stdlib-common:1.9.0) with ExtractJniTransform
[        ] Transforming annotations-13.0.jar (org.jetbrains:annotations:13.0) with JetifyTransform
[        ] Transforming annotations-13.0.jar (org.jetbrains:annotations:13.0) with ExtractJniTransform
[        ] Caching disabled for ExtractJniTransform: /home/seq_vishnu/.gradle/caches/transforms-3/cec01aedf4aea24b82bc6a4383bc7c97/transformed/jetified-x86_64_debug-1.0.0-cb4b5fff73850b2e42bd4de7cb9a4310a78ac40d.jar because:
[        ]   Build cache is disabled
[        ] Skipping ExtractJniTransform: /home/seq_vishnu/.gradle/caches/transforms-3/cec01aedf4aea24b82bc6a4383bc7c97/transformed/jetified-x86_64_debug-1.0.0-cb4b5fff73850b2e42bd4de7cb9a4310a78ac40d.jar as it is up-to-date.
[        ] Skipping ExtractJniTransform: /home/seq_vishnu/.gradle/caches/transforms-3/089ed528a4bc67f6b39c2aac4d34732e/transformed/jetified-kotlin-stdlib-jdk7-1.9.0.jar as it is up-to-date.
[        ] Caching disabled for ExtractJniTransform: /home/seq_vishnu/.gradle/caches/transforms-3/1a13f77f6599408c29ea235c6b434dce/transformed/jetified-kotlin-stdlib-1.9.0.jar because:
[        ]   Build cache is disabled
[        ] Caching disabled for ExtractJniTransform: /home/seq_vishnu/.gradle/caches/transforms-3/a358b119a88bab9dcd4f3b74f0e1834e/transformed/jetified-kotlin-stdlib-common-1.9.0.jar because:
[        ]   Build cache is disabled
[        ] Skipping ExtractJniTransform: /home/seq_vishnu/.gradle/caches/transforms-3/a358b119a88bab9dcd4f3b74f0e1834e/transformed/jetified-kotlin-stdlib-common-1.9.0.jar as it is up-to-date.
[        ] Caching disabled for ExtractJniTransform: /home/seq_vishnu/.gradle/caches/transforms-3/f0c1c54b23d2dcf5ba2734b5c494e6fa/transformed/jetified-annotations-13.0.jar because:
[        ]   Build cache is disabled
[        ] Skipping ExtractJniTransform: /home/seq_vishnu/.gradle/caches/transforms-3/1a13f77f6599408c29ea235c6b434dce/transformed/jetified-kotlin-stdlib-1.9.0.jar as it is up-to-date.
[   +1 ms] Skipping ExtractJniTransform: /home/seq_vishnu/.gradle/caches/transforms-3/f0c1c54b23d2dcf5ba2734b5c494e6fa/transformed/jetified-annotations-13.0.jar as it is up-to-date.
[        ] Caching disabled for task ':app:mergeDebugNativeLibs' because:
[        ]   Build cache is disabled
[   +1 ms] Skipping task ':app:mergeDebugNativeLibs' as it is up-to-date.
[   +1 ms] Resolve mutations for :app:stripDebugDebugSymbols (Thread[#67,Execution worker Thread 4,5,main]) started.
[   +1 ms] :app:stripDebugDebugSymbols (Thread[#67,Execution worker Thread 4,5,main]) started.
[        ] > Task :app:stripDebugDebugSymbols UP-TO-DATE
[        ] Caching disabled for task ':app:stripDebugDebugSymbols' because:
[        ]   Build cache is disabled
[        ] Skipping task ':app:stripDebugDebugSymbols' as it is up-to-date.
[        ] Resolve mutations for :app:validateSigningDebug (Thread[#67,Execution worker Thread 4,5,main]) started.
[        ] :app:validateSigningDebug (Thread[#66,Execution worker Thread 3,5,main]) started.
[        ] > Task :app:validateSigningDebug UP-TO-DATE
[        ] Caching disabled for task ':app:validateSigningDebug' because:
[        ]   Build cache is disabled
[        ] Skipping task ':app:validateSigningDebug' as it is up-to-date.
[        ] Resolve mutations for :app:writeDebugAppMetadata (Thread[#66,Execution worker Thread 3,5,main]) started.
[        ] :app:writeDebugAppMetadata (Thread[#66,Execution worker Thread 3,5,main]) started.
[        ] > Task :app:writeDebugAppMetadata UP-TO-DATE
[        ] Caching disabled for task ':app:writeDebugAppMetadata' because:
[        ]   Build cache is disabled
[        ] Skipping task ':app:writeDebugAppMetadata' as it is up-to-date.
[   +1 ms] Resolve mutations for :app:writeDebugSigningConfigVersions (Thread[#64,Execution worker,5,main]) started.
[        ] :app:writeDebugSigningConfigVersions (Thread[#64,Execution worker,5,main]) started.
[        ] > Task :app:writeDebugSigningConfigVersions UP-TO-DATE
[        ] Caching disabled for task ':app:writeDebugSigningConfigVersions' because:
[        ]   Build cache is disabled
[        ] Skipping task ':app:writeDebugSigningConfigVersions' as it is up-to-date.
[ +958 ms] > Task :app:compileDebugKotlin FAILED
[        ] i: found daemon on port 17402 (720649 ms old), trying to connect
[        ] i: connected to the daemon
[   +2 ms] Options for KOTLIN DAEMON: IncrementalCompilationOptions(super=CompilationOptions(compilerMode=INCREMENTAL_COMPILER, targetPlatform=JVM, reportCategories=[0, 3], reportSeverity=2, requestedCompilationResults=[0], kotlinScriptExtensions=[]), areFileChangesKnown=false, modifiedFiles=null, deletedFiles=null, classpathChanges=NotAvailableForNonIncrementalRun, workingDir=/home/seq_vishnu/WORK/RnD/expenze/mobile/build/app/kotlin/compileDebugKotlin/cacheable, multiModuleICSettings=MultiModuleICSettings(buildHistoryFile=/home/seq_vishnu/WORK/RnD/expenze/mobile/build/app/kotlin/compileDebugKotlin/local-state/build-history.bin, useModuleDetection=true), usePreciseJavaTracking=true, outputFiles=[/home/seq_vishnu/WORK/RnD/expenze/mobile/build/app/tmp/kotlin-classes/debug, /home/seq_vishnu/WORK/RnD/expenze/mobile/build/app/kotlin/compileDebugKotlin/cacheable, /home/seq_vishnu/WORK/RnD/expenze/mobile/build/app/kotlin/compileDebugKotlin/local-state])
[   +3 ms] e: file:///home/seq_vishnu/WORK/RnD/expenze/mobile/android/app/src/main/kotlin/com/expenze/mobile/MainActivity.kt:3:8 Unresolved reference: io
[   +4 ms] e: file:///home/seq_vishnu/WORK/RnD/expenze/mobile/android/app/src/main/kotlin/com/expenze/mobile/MainActivity.kt:5:21 Unresolved reference: FlutterActivity
[ +293 ms] FAILURE: Build failed with an exception.
[   +1 ms] * What went wrong:
[   +4 ms] Execution failed for task ':app:compileDebugKotlin'.
[   +2 ms] > A failure occurred while executing org.jetbrains.kotlin.compilerRunner.GradleCompilerRunnerWithWorkers$GradleKotlinCompilerWorkAction
[   +2 ms]    > Compilation error. See log for more details
[   +6 ms] * Try:
[   +6 ms] > Run with --debug option to get more log output.
[   +1 ms] > Run with --scan to get full insights.
[   +1 ms] > Get more help at https://help.gradle.org.
[   +2 ms] * Exception is:
[   +2 ms] org.gradle.api.tasks.TaskExecutionException: Execution failed for task ':app:compileDebugKotlin'.
[   +1 ms] 	at org.gradle.api.internal.tasks.execution.ExecuteActionsTaskExecuter.lambda$executeIfValid$1(ExecuteActionsTaskExecuter.java:148)
[   +2 ms] 	at org.gradle.internal.Try$Failure.ifSuccessfulOrElse(Try.java:282)
[        ] 	at org.gradle.api.internal.tasks.execution.ExecuteActionsTaskExecuter.executeIfValid(ExecuteActionsTaskExecuter.java:146)
[        ] 	at org.gradle.api.internal.tasks.execution.ExecuteActionsTaskExecuter.execute(ExecuteActionsTaskExecuter.java:134)
[   +3 ms] 	at org.gradle.api.internal.tasks.execution.FinalizePropertiesTaskExecuter.execute(FinalizePropertiesTaskExecuter.java:46)
[        ] 	at org.gradle.api.internal.tasks.execution.ResolveTaskExecutionModeExecuter.execute(ResolveTaskExecutionModeExecuter.java:51)
[        ] 	at org.gradle.api.internal.tasks.execution.SkipTaskWithNoActionsExecuter.execute(SkipTaskWithNoActionsExecuter.java:57)
[        ] 	at org.gradle.api.internal.tasks.execution.SkipOnlyIfTaskExecuter.execute(SkipOnlyIfTaskExecuter.java:74)
[        ] 	at org.gradle.api.internal.tasks.execution.CatchExceptionTaskExecuter.execute(CatchExceptionTaskExecuter.java:36)
[        ] 	at org.gradle.api.internal.tasks.execution.EventFiringTaskExecuter$1.executeTask(EventFiringTaskExecuter.java:77)
[        ] 	at org.gradle.api.internal.tasks.execution.EventFiringTaskExecuter$1.call(EventFiringTaskExecuter.java:55)
[        ] 	at org.gradle.api.internal.tasks.execution.EventFiringTaskExecuter$1.call(EventFiringTaskExecuter.java:52)
[        ] 	at org.gradle.internal.operations.DefaultBuildOperationRunner$CallableBuildOperationWorker.execute(DefaultBuildOperationRunner.java:204)
[        ] 	at org.gradle.internal.operations.DefaultBuildOperationRunner$CallableBuildOperationWorker.execute(DefaultBuildOperationRunner.java:199)
[        ] 	at org.gradle.internal.operations.DefaultBuildOperationRunner$2.execute(DefaultBuildOperationRunner.java:66)
[        ] 	at org.gradle.internal.operations.DefaultBuildOperationRunner$2.execute(DefaultBuildOperationRunner.java:59)
[        ] 	at org.gradle.internal.operations.DefaultBuildOperationRunner.execute(DefaultBuildOperationRunner.java:157)
[        ] 	at org.gradle.internal.operations.DefaultBuildOperationRunner.execute(DefaultBuildOperationRunner.java:59)
[        ] 	at org.gradle.internal.operations.DefaultBuildOperationRunner.call(DefaultBuildOperationRunner.java:53)
[        ] 	at org.gradle.internal.operations.DefaultBuildOperationExecutor.call(DefaultBuildOperationExecutor.java:78)
[        ] 	at org.gradle.api.internal.tasks.execution.EventFiringTaskExecuter.execute(EventFiringTaskExecuter.java:52)
[        ] 	at org.gradle.execution.plan.LocalTaskNodeExecutor.execute(LocalTaskNodeExecutor.java:42)
[        ] 	at org.gradle.execution.taskgraph.DefaultTaskExecutionGraph$InvokeNodeExecutorsAction.execute(DefaultTaskExecutionGraph.java:331)
[        ] 	at org.gradle.execution.taskgraph.DefaultTaskExecutionGraph$InvokeNodeExecutorsAction.execute(DefaultTaskExecutionGraph.java:318)
[        ] 	at org.gradle.execution.taskgraph.DefaultTaskExecutionGraph$BuildOperationAwareExecutionAction.lambda$execute$0(DefaultTaskExecutionGraph.java:314)
[        ] 	at org.gradle.internal.operations.CurrentBuildOperationRef.with(CurrentBuildOperationRef.java:80)
[        ] 	at org.gradle.execution.taskgraph.DefaultTaskExecutionGraph$BuildOperationAwareExecutionAction.execute(DefaultTaskExecutionGraph.java:314)
[        ] 	at org.gradle.execution.taskgraph.DefaultTaskExecutionGraph$BuildOperationAwareExecutionAction.execute(DefaultTaskExecutionGraph.java:303)
[        ] 	at org.gradle.execution.plan.DefaultPlanExecutor$ExecutorWorker.execute(DefaultPlanExecutor.java:463)
[        ] 	at org.gradle.execution.plan.DefaultPlanExecutor$ExecutorWorker.run(DefaultPlanExecutor.java:380)
[        ] 	at org.gradle.execution.plan.DefaultPlanExecutor.process(DefaultPlanExecutor.java:116)
[        ] 	at org.gradle.execution.taskgraph.DefaultTaskExecutionGraph.executeWithServices(DefaultTaskExecutionGraph.java:138)
[        ] 	at org.gradle.execution.taskgraph.DefaultTaskExecutionGraph.execute(DefaultTaskExecutionGraph.java:123)
[        ] 	at org.gradle.execution.SelectedTaskExecutionAction.execute(SelectedTaskExecutionAction.java:35)
[        ] 	at org.gradle.execution.DryRunBuildExecutionAction.execute(DryRunBuildExecutionAction.java:51)
[        ] 	at org.gradle.execution.BuildOperationFiringBuildWorkerExecutor$ExecuteTasks.call(BuildOperationFiringBuildWorkerExecutor.java:54)
[        ] 	at org.gradle.execution.BuildOperationFiringBuildWorkerExecutor$ExecuteTasks.call(BuildOperationFiringBuildWorkerExecutor.java:43)
[        ] 	at org.gradle.internal.operations.DefaultBuildOperationRunner$CallableBuildOperationWorker.execute(DefaultBuildOperationRunner.java:204)
[        ] 	at org.gradle.internal.operations.DefaultBuildOperationRunner$CallableBuildOperationWorker.execute(DefaultBuildOperationRunner.java:199)
[        ] 	at org.gradle.internal.operations.DefaultBuildOperationRunner$2.execute(DefaultBuildOperationRunner.java:66)
[        ] 	at org.gradle.internal.operations.DefaultBuildOperationRunner$2.execute(DefaultBuildOperationRunner.java:59)
[        ] 	at org.gradle.internal.operations.DefaultBuildOperationRunner.execute(DefaultBuildOperationRunner.java:157)
[        ] 	at org.gradle.internal.operations.DefaultBuildOperationRunner.execute(DefaultBuildOperationRunner.java:59)
[        ] 	at org.gradle.internal.operations.DefaultBuildOperationRunner.call(DefaultBuildOperationRunner.java:53)
[        ] 	at org.gradle.internal.operations.DefaultBuildOperationExecutor.call(DefaultBuildOperationExecutor.java:78)
[        ] 	at org.gradle.execution.BuildOperationFiringBuildWorkerExecutor.execute(BuildOperationFiringBuildWorkerExecutor.java:40)
[        ] 	at org.gradle.internal.build.DefaultBuildLifecycleController.lambda$executeTasks$10(DefaultBuildLifecycleController.java:313)
[        ] 	at org.gradle.internal.model.StateTransitionController.doTransition(StateTransitionController.java:266)
[        ] 	at org.gradle.internal.model.StateTransitionController.lambda$tryTransition$8(StateTransitionController.java:177)
[   +2 ms] 	at org.gradle.internal.work.DefaultSynchronizer.withLock(DefaultSynchronizer.java:44)
[        ] 	at org.gradle.internal.model.StateTransitionController.tryTransition(StateTransitionController.java:177)
[        ] 	at org.gradle.internal.build.DefaultBuildLifecycleController.executeTasks(DefaultBuildLifecycleController.java:304)
[   +1 ms] 	at org.gradle.internal.build.DefaultBuildWorkGraphController$DefaultBuildWorkGraph.runWork(DefaultBuildWorkGraphController.java:220)
[   +1 ms] 	at org.gradle.internal.work.DefaultWorkerLeaseService.withLocks(DefaultWorkerLeaseService.java:264)
[        ] 	at org.gradle.internal.work.DefaultWorkerLeaseService.runAsWorkerThread(DefaultWorkerLeaseService.java:128)
[        ] 	at org.gradle.composite.internal.DefaultBuildController.doRun(DefaultBuildController.java:181)
[        ] 	at org.gradle.composite.internal.DefaultBuildController.access$000(DefaultBuildController.java:50)
[        ] 	at org.gradle.composite.internal.DefaultBuildController$BuildOpRunnable.lambda$run$0(DefaultBuildController.java:198)
[        ] 	at org.gradle.internal.operations.CurrentBuildOperationRef.with(CurrentBuildOperationRef.java:80)
[        ] 	at org.gradle.composite.internal.DefaultBuildController$BuildOpRunnable.run(DefaultBuildController.java:198)
[        ] 	at java.base/java.util.concurrent.Executors$RunnableAdapter.call(Executors.java:572)
[        ] 	at java.base/java.util.concurrent.FutureTask.run(FutureTask.java:317)
[        ] 	at org.gradle.internal.concurrent.ExecutorPolicy$CatchAndRecordFailures.onExecute(ExecutorPolicy.java:64)
[        ] 	at org.gradle.internal.concurrent.AbstractManagedExecutor$1.run(AbstractManagedExecutor.java:47)
[        ] 	at java.base/java.util.concurrent.ThreadPoolExecutor.runWorker(ThreadPoolExecutor.java:1144)
[        ] 	at java.base/java.util.concurrent.ThreadPoolExecutor$Worker.run(ThreadPoolExecutor.java:642)
[        ] 	at java.base/java.lang.Thread.run(Thread.java:1583)
[        ] Caused by: org.gradle.workers.internal.DefaultWorkerExecutor$WorkExecutionException: A failure occurred while executing org.jetbrains.kotlin.compilerRunner.GradleCompilerRunnerWithWorkers$GradleKotlinCompilerWorkAction
[        ] 	at org.gradle.workers.internal.DefaultWorkerExecutor$WorkItemExecution.waitForCompletion(DefaultWorkerExecutor.java:283)
[        ] 	at org.gradle.internal.work.DefaultAsyncWorkTracker.lambda$waitForItemsAndGatherFailures$2(DefaultAsyncWorkTracker.java:130)
[        ] 	at org.gradle.internal.Factories$1.create(Factories.java:31)
[        ] 	at org.gradle.internal.work.DefaultWorkerLeaseService.withoutLocks(DefaultWorkerLeaseService.java:336)
[        ] 	at org.gradle.internal.work.DefaultWorkerLeaseService.withoutLocks(DefaultWorkerLeaseService.java:319)
[        ] 	at org.gradle.internal.work.DefaultWorkerLeaseService.withoutLock(DefaultWorkerLeaseService.java:324)
[        ] 	at org.gradle.internal.work.DefaultAsyncWorkTracker.waitForItemsAndGatherFailures(DefaultAsyncWorkTracker.java:126)
[        ] 	at org.gradle.internal.work.DefaultAsyncWorkTracker.waitForItemsAndGatherFailures(DefaultAsyncWorkTracker.java:92)
[        ] 	at org.gradle.internal.work.DefaultAsyncWorkTracker.waitForAll(DefaultAsyncWorkTracker.java:78)
[        ] 	at org.gradle.internal.work.DefaultAsyncWorkTracker.waitForCompletion(DefaultAsyncWorkTracker.java:66)
[        ] 	at org.gradle.api.internal.tasks.execution.TaskExecution$3.run(TaskExecution.java:256)
[        ] 	at org.gradle.internal.operations.DefaultBuildOperationRunner$1.execute(DefaultBuildOperationRunner.java:29)
[        ] 	at org.gradle.internal.operations.DefaultBuildOperationRunner$1.execute(DefaultBuildOperationRunner.java:26)
[        ] 	at org.gradle.internal.operations.DefaultBuildOperationRunner$2.execute(DefaultBuildOperationRunner.java:66)
[        ] 	at org.gradle.internal.operations.DefaultBuildOperationRunner$2.execute(DefaultBuildOperationRunner.java:59)
[        ] 	at org.gradle.internal.operations.DefaultBuildOperationRunner.execute(DefaultBuildOperationRunner.java:157)
[        ] 	at org.gradle.internal.operations.DefaultBuildOperationRunner.execute(DefaultBuildOperationRunner.java:59)
[        ] 	at org.gradle.internal.operations.DefaultBuildOperationRunner.run(DefaultBuildOperationRunner.java:47)
[        ] 	at org.gradle.internal.operations.DefaultBuildOperationExecutor.run(DefaultBuildOperationExecutor.java:73)
[        ] 	at org.gradle.api.internal.tasks.execution.TaskExecution.executeAction(TaskExecution.java:233)
[        ] 	at org.gradle.api.internal.tasks.execution.TaskExecution.executeActions(TaskExecution.java:216)
[        ] 	at org.gradle.api.internal.tasks.execution.TaskExecution.executeWithPreviousOutputFiles(TaskExecution.java:199)
[        ] 	at org.gradle.api.internal.tasks.execution.TaskExecution.execute(TaskExecution.java:166)
[        ] 	at org.gradle.internal.execution.steps.ExecuteStep.executeInternal(ExecuteStep.java:105)
[        ] 	at org.gradle.internal.execution.steps.ExecuteStep.access$000(ExecuteStep.java:44)
[        ] 	at org.gradle.internal.execution.steps.ExecuteStep$1.call(ExecuteStep.java:59)
[        ] 	at org.gradle.internal.execution.steps.ExecuteStep$1.call(ExecuteStep.java:56)
[        ] 	at org.gradle.internal.operations.DefaultBuildOperationRunner$CallableBuildOperationWorker.execute(DefaultBuildOperationRunner.java:204)
[        ] 	at org.gradle.internal.operations.DefaultBuildOperationRunner$CallableBuildOperationWorker.execute(DefaultBuildOperationRunner.java:199)
[        ] 	at org.gradle.internal.operations.DefaultBuildOperationRunner$2.execute(DefaultBuildOperationRunner.java:66)
[        ] 	at org.gradle.internal.operations.DefaultBuildOperationRunner$2.execute(DefaultBuildOperationRunner.java:59)
[        ] 	at org.gradle.internal.operations.DefaultBuildOperationRunner.execute(DefaultBuildOperationRunner.java:157)
[        ] 	at org.gradle.internal.operations.DefaultBuildOperationRunner.execute(DefaultBuildOperationRunner.java:59)
[        ] 	at org.gradle.internal.operations.DefaultBuildOperationRunner.call(DefaultBuildOperationRunner.java:53)
[        ] 	at org.gradle.internal.operations.DefaultBuildOperationExecutor.call(DefaultBuildOperationExecutor.java:78)
[        ] 	at org.gradle.internal.execution.steps.ExecuteStep.execute(ExecuteStep.java:56)
[        ] 	at org.gradle.internal.execution.steps.ExecuteStep.execute(ExecuteStep.java:44)
[        ] 	at org.gradle.internal.execution.steps.RemovePreviousOutputsStep.execute(RemovePreviousOutputsStep.java:67)
[        ] 	at org.gradle.internal.execution.steps.RemovePreviousOutputsStep.execute(RemovePreviousOutputsStep.java:37)
[        ] 	at org.gradle.internal.execution.steps.CancelExecutionStep.execute(CancelExecutionStep.java:41)
[        ] 	at org.gradle.internal.execution.steps.TimeoutStep.executeWithoutTimeout(TimeoutStep.java:74)
[        ] 	at org.gradle.internal.execution.steps.TimeoutStep.execute(TimeoutStep.java:55)
[        ] 	at org.gradle.internal.execution.steps.CreateOutputsStep.execute(CreateOutputsStep.java:50)
[        ] 	at org.gradle.internal.execution.steps.CreateOutputsStep.execute(CreateOutputsStep.java:28)
[        ] 	at org.gradle.internal.execution.steps.CaptureStateAfterExecutionStep.executeDelegateBroadcastingChanges(CaptureStateAfterExecutionStep.java:100)
[        ] 	at org.gradle.internal.execution.steps.CaptureStateAfterExecutionStep.execute(CaptureStateAfterExecutionStep.java:72)
[        ] 	at org.gradle.internal.execution.steps.CaptureStateAfterExecutionStep.execute(CaptureStateAfterExecutionStep.java:50)
[        ] 	at org.gradle.internal.execution.steps.ResolveInputChangesStep.execute(ResolveInputChangesStep.java:40)
[        ] 	at org.gradle.internal.execution.steps.ResolveInputChangesStep.execute(ResolveInputChangesStep.java:29)
[        ] 	at org.gradle.internal.execution.steps.BuildCacheStep.executeWithoutCache(BuildCacheStep.java:179)
[        ] 	at org.gradle.internal.execution.steps.BuildCacheStep.lambda$execute$1(BuildCacheStep.java:70)
[        ] 	at org.gradle.internal.Either$Right.fold(Either.java:175)
[        ] 	at org.gradle.internal.execution.caching.CachingState.fold(CachingState.java:59)
[        ] 	at org.gradle.internal.execution.steps.BuildCacheStep.execute(BuildCacheStep.java:68)
[        ] 	at org.gradle.internal.execution.steps.BuildCacheStep.execute(BuildCacheStep.java:46)
[        ] 	at org.gradle.internal.execution.steps.StoreExecutionStateStep.execute(StoreExecutionStateStep.java:36)
[        ] 	at org.gradle.internal.execution.steps.StoreExecutionStateStep.execute(StoreExecutionStateStep.java:25)
[        ] 	at org.gradle.internal.execution.steps.RecordOutputsStep.execute(RecordOutputsStep.java:36)
[        ] 	at org.gradle.internal.execution.steps.RecordOutputsStep.execute(RecordOutputsStep.java:22)
[        ] 	at org.gradle.internal.execution.steps.SkipUpToDateStep.executeBecause(SkipUpToDateStep.java:91)
[        ] 	at org.gradle.internal.execution.steps.SkipUpToDateStep.lambda$execute$2(SkipUpToDateStep.java:55)
[        ] 	at java.base/java.util.Optional.orElseGet(Optional.java:364)
[        ] 	at org.gradle.internal.execution.steps.SkipUpToDateStep.execute(SkipUpToDateStep.java:55)
[        ] 	at org.gradle.internal.execution.steps.SkipUpToDateStep.execute(SkipUpToDateStep.java:37)
[        ] 	at org.gradle.internal.execution.steps.ResolveChangesStep.execute(ResolveChangesStep.java:65)
[        ] 	at org.gradle.internal.execution.steps.ResolveChangesStep.execute(ResolveChangesStep.java:36)
[        ] 	at org.gradle.internal.execution.steps.legacy.MarkSnapshottingInputsFinishedStep.execute(MarkSnapshottingInputsFinishedStep.java:37)
[        ] 	at org.gradle.internal.execution.steps.legacy.MarkSnapshottingInputsFinishedStep.execute(MarkSnapshottingInputsFinishedStep.java:27)
[        ] 	at org.gradle.internal.execution.steps.ResolveCachingStateStep.execute(ResolveCachingStateStep.java:77)
[        ] 	at org.gradle.internal.execution.steps.ResolveCachingStateStep.execute(ResolveCachingStateStep.java:38)
[        ] 	at org.gradle.internal.execution.steps.ValidateStep.execute(ValidateStep.java:108)
[        ] 	at org.gradle.internal.execution.steps.ValidateStep.execute(ValidateStep.java:55)
[        ] 	at org.gradle.internal.execution.steps.CaptureStateBeforeExecutionStep.execute(CaptureStateBeforeExecutionStep.java:71)
[        ] 	at org.gradle.internal.execution.steps.CaptureStateBeforeExecutionStep.execute(CaptureStateBeforeExecutionStep.java:45)
[        ] 	at org.gradle.internal.execution.steps.SkipEmptyWorkStep.executeWithNonEmptySources(SkipEmptyWorkStep.java:177)
[   +1 ms] 	at org.gradle.internal.execution.steps.SkipEmptyWorkStep.execute(SkipEmptyWorkStep.java:86)
[        ] 	at org.gradle.internal.execution.steps.SkipEmptyWorkStep.execute(SkipEmptyWorkStep.java:53)
[   +1 ms] 	at org.gradle.internal.execution.steps.RemoveUntrackedExecutionStateStep.execute(RemoveUntrackedExecutionStateStep.java:32)
[        ] 	at org.gradle.internal.execution.steps.RemoveUntrackedExecutionStateStep.execute(RemoveUntrackedExecutionStateStep.java:21)
[        ] 	at org.gradle.internal.execution.steps.legacy.MarkSnapshottingInputsStartedStep.execute(MarkSnapshottingInputsStartedStep.java:38)
[        ] 	at org.gradle.internal.execution.steps.LoadPreviousExecutionStateStep.execute(LoadPreviousExecutionStateStep.java:36)
[        ] 	at org.gradle.internal.execution.steps.LoadPreviousExecutionStateStep.execute(LoadPreviousExecutionStateStep.java:23)
[        ] 	at org.gradle.internal.execution.steps.CleanupStaleOutputsStep.execute(CleanupStaleOutputsStep.java:75)
[        ] 	at org.gradle.internal.execution.steps.CleanupStaleOutputsStep.execute(CleanupStaleOutputsStep.java:41)
[        ] 	at org.gradle.internal.execution.steps.ExecuteWorkBuildOperationFiringStep.lambda$execute$2(ExecuteWorkBuildOperationFiringStep.java:66)
[        ] 	at java.base/java.util.Optional.orElseGet(Optional.java:364)
[        ] 	at org.gradle.internal.execution.steps.ExecuteWorkBuildOperationFiringStep.execute(ExecuteWorkBuildOperationFiringStep.java:66)
[        ] 	at org.gradle.internal.execution.steps.ExecuteWorkBuildOperationFiringStep.execute(ExecuteWorkBuildOperationFiringStep.java:38)
[        ] 	at org.gradle.internal.execution.steps.AssignWorkspaceStep.lambda$execute$0(AssignWorkspaceStep.java:32)
[        ] 	at org.gradle.api.internal.tasks.execution.TaskExecution$4.withWorkspace(TaskExecution.java:293)
[        ] 	at org.gradle.internal.execution.steps.AssignWorkspaceStep.execute(AssignWorkspaceStep.java:30)
[        ] 	at org.gradle.internal.execution.steps.AssignWorkspaceStep.execute(AssignWorkspaceStep.java:21)
[        ] 	at org.gradle.internal.execution.steps.IdentityCacheStep.execute(IdentityCacheStep.java:37)
[        ] 	at org.gradle.internal.execution.steps.IdentityCacheStep.execute(IdentityCacheStep.java:27)
[        ] 	at org.gradle.internal.execution.steps.IdentifyStep.execute(IdentifyStep.java:47)
[        ] 	at org.gradle.internal.execution.steps.IdentifyStep.execute(IdentifyStep.java:34)
[        ] 	at org.gradle.internal.execution.impl.DefaultExecutionEngine$1.execute(DefaultExecutionEngine.java:64)
[        ] 	at org.gradle.api.internal.tasks.execution.ExecuteActionsTaskExecuter.executeIfValid(ExecuteActionsTaskExecuter.java:145)
[        ] 	at org.gradle.api.internal.tasks.execution.ExecuteActionsTaskExecuter.execute(ExecuteActionsTaskExecuter.java:134)
[        ] 	at org.gradle.api.internal.tasks.execution.FinalizePropertiesTaskExecuter.execute(FinalizePropertiesTaskExecuter.java:46)
[        ] 	at org.gradle.api.internal.tasks.execution.ResolveTaskExecutionModeExecuter.execute(ResolveTaskExecutionModeExecuter.java:51)
[        ] 	at org.gradle.api.internal.tasks.execution.SkipTaskWithNoActionsExecuter.execute(SkipTaskWithNoActionsExecuter.java:57)
[        ] 	at org.gradle.api.internal.tasks.execution.SkipOnlyIfTaskExecuter.execute(SkipOnlyIfTaskExecuter.java:74)
[   +1 ms] 	at org.gradle.api.internal.tasks.execution.CatchExceptionTaskExecuter.execute(CatchExceptionTaskExecuter.java:36)
[        ] 	at org.gradle.api.internal.tasks.execution.EventFiringTaskExecuter$1.executeTask(EventFiringTaskExecuter.java:77)
[        ] 	at org.gradle.api.internal.tasks.execution.EventFiringTaskExecuter$1.call(EventFiringTaskExecuter.java:55)
[        ] 	at org.gradle.api.internal.tasks.execution.EventFiringTaskExecuter$1.call(EventFiringTaskExecuter.java:52)
[        ] 	at org.gradle.internal.operations.DefaultBuildOperationRunner$CallableBuildOperationWorker.execute(DefaultBuildOperationRunner.java:204)
[        ] 	at org.gradle.internal.operations.DefaultBuildOperationRunner$CallableBuildOperationWorker.execute(DefaultBuildOperationRunner.java:199)
[        ] 	at org.gradle.internal.operations.DefaultBuildOperationRunner$2.execute(DefaultBuildOperationRunner.java:66)
[        ] 	at org.gradle.internal.operations.DefaultBuildOperationRunner$2.execute(DefaultBuildOperationRunner.java:59)
[        ] 	at org.gradle.internal.operations.DefaultBuildOperationRunner.execute(DefaultBuildOperationRunner.java:157)
[        ] 	at org.gradle.internal.operations.DefaultBuildOperationRunner.execute(DefaultBuildOperationRunner.java:59)
[        ] 	at org.gradle.internal.operations.DefaultBuildOperationRunner.call(DefaultBuildOperationRunner.java:53)
[        ] 	at org.gradle.internal.operations.DefaultBuildOperationExecutor.call(DefaultBuildOperationExecutor.java:78)
[        ] 	at org.gradle.api.internal.tasks.execution.EventFiringTaskExecuter.execute(EventFiringTaskExecuter.java:52)
[        ] 	at org.gradle.execution.plan.LocalTaskNodeExecutor.execute(LocalTaskNodeExecutor.java:42)
[        ] 	at org.gradle.execution.taskgraph.DefaultTaskExecutionGraph$InvokeNodeExecutorsAction.execute(DefaultTaskExecutionGraph.java:331)
[        ] 	at org.gradle.execution.taskgraph.DefaultTaskExecutionGraph$InvokeNodeExecutorsAction.execute(DefaultTaskExecutionGraph.java:318)
[        ] 	at org.gradle.execution.taskgraph.DefaultTaskExecutionGraph$BuildOperationAwareExecutionAction.lambda$execute$0(DefaultTaskExecutionGraph.java:314)
[        ] 	at org.gradle.internal.operations.CurrentBuildOperationRef.with(CurrentBuildOperationRef.java:80)
[        ] 	at org.gradle.execution.taskgraph.DefaultTaskExecutionGraph$BuildOperationAwareExecutionAction.execute(DefaultTaskExecutionGraph.java:314)
[        ] 	at org.gradle.execution.taskgraph.DefaultTaskExecutionGraph$BuildOperationAwareExecutionAction.execute(DefaultTaskExecutionGraph.java:303)
[        ] 	at org.gradle.execution.plan.DefaultPlanExecutor$ExecutorWorker.execute(DefaultPlanExecutor.java:463)
[        ] 	at org.gradle.execution.plan.DefaultPlanExecutor$ExecutorWorker.run(DefaultPlanExecutor.java:380)
[        ] 	at org.gradle.execution.plan.DefaultPlanExecutor.process(DefaultPlanExecutor.java:116)
[        ] 	at org.gradle.execution.taskgraph.DefaultTaskExecutionGraph.executeWithServices(DefaultTaskExecutionGraph.java:138)
[        ] 	at org.gradle.execution.taskgraph.DefaultTaskExecutionGraph.execute(DefaultTaskExecutionGraph.java:123)
[        ] 	at org.gradle.execution.SelectedTaskExecutionAction.execute(SelectedTaskExecutionAction.java:35)
[        ] 	at org.gradle.execution.DryRunBuildExecutionAction.execute(DryRunBuildExecutionAction.java:51)
[        ] 	at org.gradle.execution.BuildOperationFiringBuildWorkerExecutor$ExecuteTasks.call(BuildOperationFiringBuildWorkerExecutor.java:54)
[        ] 	at org.gradle.execution.BuildOperationFiringBuildWorkerExecutor$ExecuteTasks.call(BuildOperationFiringBuildWorkerExecutor.java:43)
[        ] 	at org.gradle.internal.operations.DefaultBuildOperationRunner$CallableBuildOperationWorker.execute(DefaultBuildOperationRunner.java:204)
[        ] 	at org.gradle.internal.operations.DefaultBuildOperationRunner$CallableBuildOperationWorker.execute(DefaultBuildOperationRunner.java:199)
[        ] 	at org.gradle.internal.operations.DefaultBuildOperationRunner$2.execute(DefaultBuildOperationRunner.java:66)
[        ] 	at org.gradle.internal.operations.DefaultBuildOperationRunner$2.execute(DefaultBuildOperationRunner.java:59)
[        ] 	at org.gradle.internal.operations.DefaultBuildOperationRunner.execute(DefaultBuildOperationRunner.java:157)
[        ] 	at org.gradle.internal.operations.DefaultBuildOperationRunner.execute(DefaultBuildOperationRunner.java:59)
[        ] 	at org.gradle.internal.operations.DefaultBuildOperationRunner.call(DefaultBuildOperationRunner.java:53)
[        ] 	at org.gradle.internal.operations.DefaultBuildOperationExecutor.call(DefaultBuildOperationExecutor.java:78)
[        ] 	at org.gradle.execution.BuildOperationFiringBuildWorkerExecutor.execute(BuildOperationFiringBuildWorkerExecutor.java:40)
[        ] 	at org.gradle.internal.build.DefaultBuildLifecycleController.lambda$executeTasks$10(DefaultBuildLifecycleController.java:313)
[        ] 	at org.gradle.internal.model.StateTransitionController.doTransition(StateTransitionController.java:266)
[        ] 	at org.gradle.internal.model.StateTransitionController.lambda$tryTransition$8(StateTransitionController.java:177)
[        ] 	at org.gradle.internal.work.DefaultSynchronizer.withLock(DefaultSynchronizer.java:44)
[        ] 	at org.gradle.internal.model.StateTransitionController.tryTransition(StateTransitionController.java:177)
[        ] 	at org.gradle.internal.build.DefaultBuildLifecycleController.executeTasks(DefaultBuildLifecycleController.java:304)
[        ] 	at org.gradle.internal.build.DefaultBuildWorkGraphController$DefaultBuildWorkGraph.runWork(DefaultBuildWorkGraphController.java:220)
[        ] 	at org.gradle.internal.work.DefaultWorkerLeaseService.withLocks(DefaultWorkerLeaseService.java:264)
[        ] 	at org.gradle.internal.work.DefaultWorkerLeaseService.runAsWorkerThread(DefaultWorkerLeaseService.java:128)
[        ] 	at org.gradle.composite.internal.DefaultBuildController.doRun(DefaultBuildController.java:181)
[        ] 	at org.gradle.composite.internal.DefaultBuildController.access$000(DefaultBuildController.java:50)
[        ] 	at org.gradle.composite.internal.DefaultBuildController$BuildOpRunnable.lambda$run$0(DefaultBuildController.java:198)
[        ] 	at org.gradle.internal.operations.CurrentBuildOperationRef.with(CurrentBuildOperationRef.java:80)
[        ] 	at org.gradle.composite.internal.DefaultBuildController$BuildOpRunnable.run(DefaultBuildController.java:198)
[        ] 	at java.base/java.util.concurrent.Executors$RunnableAdapter.call(Executors.java:572)
[        ] 	at java.base/java.util.concurrent.FutureTask.run(FutureTask.java:317)
[        ] 	at org.gradle.internal.concurrent.ExecutorPolicy$CatchAndRecordFailures.onExecute(ExecutorPolicy.java:64)
[        ] 	at org.gradle.internal.concurrent.AbstractManagedExecutor$1.run(AbstractManagedExecutor.java:47)
[        ] 	at java.base/java.util.concurrent.ThreadPoolExecutor.runWorker(ThreadPoolExecutor.java:1144)
[        ] 	at java.base/java.util.concurrent.ThreadPoolExecutor$Worker.run(ThreadPoolExecutor.java:642)
[        ] 	at java.base/java.lang.Thread.run(Thread.java:1583)
[        ] Caused by: org.jetbrains.kotlin.gradle.tasks.CompilationErrorException: Compilation error. See log for more details
[        ] 	at org.jetbrains.kotlin.gradle.tasks.TasksUtilsKt.throwExceptionIfCompilationFailed(tasksUtils.kt:22)
[        ] 	at org.jetbrains.kotlin.compilerRunner.GradleKotlinCompilerWork.run(GradleKotlinCompilerWork.kt:144)
[        ] 	at org.jetbrains.kotlin.compilerRunner.GradleCompilerRunnerWithWorkers$GradleKotlinCompilerWorkAction.execute(GradleCompilerRunnerWithWorkers.kt:76)
[        ] 	at org.gradle.workers.internal.DefaultWorkerServer.execute(DefaultWorkerServer.java:63)
[        ] 	at org.gradle.workers.internal.NoIsolationWorkerFactory$1$1.create(NoIsolationWorkerFactory.java:66)
[        ] 	at org.gradle.workers.internal.NoIsolationWorkerFactory$1$1.create(NoIsolationWorkerFactory.java:62)
[        ] 	at org.gradle.internal.classloader.ClassLoaderUtils.executeInClassloader(ClassLoaderUtils.java:100)
[        ] 	at org.gradle.workers.internal.NoIsolationWorkerFactory$1.lambda$execute$0(NoIsolationWorkerFactory.java:62)
[        ] 	at org.gradle.workers.internal.AbstractWorker$1.call(AbstractWorker.java:44)
[        ] 	at org.gradle.workers.internal.AbstractWorker$1.call(AbstractWorker.java:41)
[        ] 	at org.gradle.internal.operations.DefaultBuildOperationRunner$CallableBuildOperationWorker.execute(DefaultBuildOperationRunner.java:204)
[        ] 	at org.gradle.internal.operations.DefaultBuildOperationRunner$CallableBuildOperationWorker.execute(DefaultBuildOperationRunner.java:199)
[        ] 	at org.gradle.internal.operations.DefaultBuildOperationRunner$2.execute(DefaultBuildOperationRunner.java:66)
[        ] 	at org.gradle.internal.operations.DefaultBuildOperationRunner$2.execute(DefaultBuildOperationRunner.java:59)
[   +1 ms] 	at org.gradle.internal.operations.DefaultBuildOperationRunner.execute(DefaultBuildOperationRunner.java:157)
[   +1 ms] 	at org.gradle.internal.operations.DefaultBuildOperationRunner.execute(DefaultBuildOperationRunner.java:59)
[        ] 	at org.gradle.internal.operations.DefaultBuildOperationRunner.call(DefaultBuildOperationRunner.java:53)
[        ] 	at org.gradle.internal.operations.DefaultBuildOperationExecutor.call(DefaultBuildOperationExecutor.java:78)
[        ] 	at org.gradle.workers.internal.AbstractWorker.executeWrappedInBuildOperation(AbstractWorker.java:41)
[        ] 	at org.gradle.workers.internal.NoIsolationWorkerFactory$1.execute(NoIsolationWorkerFactory.java:59)
[        ] 	at org.gradle.workers.internal.DefaultWorkerExecutor.lambda$submitWork$0(DefaultWorkerExecutor.java:170)
[        ] 	at java.base/java.util.concurrent.FutureTask.run(FutureTask.java:317)
[        ] 	at org.gradle.internal.work.DefaultConditionalExecutionQueue$ExecutionRunner.runExecution(DefaultConditionalExecutionQueue.java:187)
[        ] 	at org.gradle.internal.work.DefaultConditionalExecutionQueue$ExecutionRunner.access$700(DefaultConditionalExecutionQueue.java:120)
[        ] 	at org.gradle.internal.work.DefaultConditionalExecutionQueue$ExecutionRunner$1.run(DefaultConditionalExecutionQueue.java:162)
[        ] 	at org.gradle.internal.Factories$1.create(Factories.java:31)
[        ] 	at org.gradle.internal.work.DefaultWorkerLeaseService.withLocks(DefaultWorkerLeaseService.java:264)
[        ] 	at org.gradle.internal.work.DefaultWorkerLeaseService.runAsWorkerThread(DefaultWorkerLeaseService.java:128)
[        ] 	at org.gradle.internal.work.DefaultWorkerLeaseService.runAsWorkerThread(DefaultWorkerLeaseService.java:133)
[        ] 	at org.gradle.internal.work.DefaultConditionalExecutionQueue$ExecutionRunner.runBatch(DefaultConditionalExecutionQueue.java:157)
[        ] 	at org.gradle.internal.work.DefaultConditionalExecutionQueue$ExecutionRunner.run(DefaultConditionalExecutionQueue.java:126)
[        ] 	... 7 more
[        ] BUILD FAILED in 1m 23s
[   +9 ms] 35 actionable tasks: 5 executed, 30 up-to-date
[ +956 ms] Running Gradle task 'assembleDebug'... (completed in 84.8s)
[  +45 ms] "flutter apk" took 89,981ms.
[  +51 ms] Gradle task assembleDebug failed with exit code 1
[   +1 ms] 
           #0      throwToolExit (package:flutter_tools/src/base/common.dart:10:3)
           #1      AndroidGradleBuilder.buildGradleApp (package:flutter_tools/src/android/gradle.dart:514:9)
           <asynchronous suspension>
           #2      AndroidGradleBuilder.buildApk (package:flutter_tools/src/android/gradle.dart:233:5)
           <asynchronous suspension>
           #3      BuildApkCommand.runCommand (package:flutter_tools/src/commands/build_apk.dart:146:5)
           <asynchronous suspension>
           #4      FlutterCommand.run.<anonymous closure> (package:flutter_tools/src/runner/flutter_command.dart:1450:27)
           <asynchronous suspension>
           #5      AppContext.run.<anonymous closure> (package:flutter_tools/src/base/context.dart:153:19)
           <asynchronous suspension>
           #6      CommandRunner.runCommand (package:args/command_runner.dart:212:13)
           <asynchronous suspension>
           #7      FlutterCommandRunner.runCommand.<anonymous closure> (package:flutter_tools/src/runner/flutter_command_runner.dart:421:9)
           <asynchronous suspension>
           #8      AppContext.run.<anonymous closure> (package:flutter_tools/src/base/context.dart:153:19)
           <asynchronous suspension>
           #9      FlutterCommandRunner.runCommand (package:flutter_tools/src/runner/flutter_command_runner.dart:364:5)
           <asynchronous suspension>
           #10     run.<anonymous closure>.<anonymous closure> (package:flutter_tools/runner.dart:131:9)
           <asynchronous suspension>
           #11     AppContext.run.<anonymous closure> (package:flutter_tools/src/base/context.dart:153:19)
           <asynchronous suspension>
           #12     main (package:flutter_tools/executable.dart:94:3)
           <asynchronous suspension>


[ +264 ms] ensureAnalyticsSent: 252ms
[   +1 ms] Running 1 shutdown hook
[   +7 ms] Shutdown hooks complete
[ +203 ms] exiting with code 1
